<?xml version="1.0" encoding="UTF-8"?>
<!-- Generated by org.testng.reporters.JUnitReportReporter -->
<testsuite hostname="Priya-11255-BBSSL" failures="0" tests="1" name="TestCases.TC53_ModifyTheOutwardBillAccountWhichIsFreedelivered" time="48.035" errors="0" timestamp="2026-02-10T15:35:50 IST" skipped="0">
  <testcase classname="TestCases.TC53_ModifyTheOutwardBillAccountWhichIsFreedelivered" name="runTest" time="48.035"/>
</testsuite> <!-- TestCases.TC53_ModifyTheOutwardBillAccountWhichIsFreedelivered -->
