<?xml version="1.0" encoding="UTF-8"?>
<!-- Generated by org.testng.reporters.JUnitReportReporter -->
<testsuite hostname="christina" failures="0" tests="1" name="ForwardContractTestCases.TC05_BookForwardContractToTheSavingsAccount" time="30.266" errors="0" timestamp="2026-01-17T11:41:23 IST" skipped="0">
  <testcase classname="ForwardContractTestCases.TC05_BookForwardContractToTheSavingsAccount" name="runTest" time="30.266"/>
</testsuite> <!-- ForwardContractTestCases.TC05_BookForwardContractToTheSavingsAccount -->
