<?xml version="1.0" encoding="UTF-8"?>
<!-- Generated by org.testng.reporters.JUnitReportReporter -->
<testsuite hostname="ChristinaJenifer-personal-80499" failures="0" tests="1" name="TestCases.TC07_CancellingTheAccountWhichIsModified" time="30.110" errors="0" timestamp="2026-01-31T10:59:07 IST" skipped="0">
  <testcase classname="TestCases.TC07_CancellingTheAccountWhichIsModified" name="runTest" time="30.110"/>
  <system-out>
    <![CDATA[✅ Testcase VERIFIED: Delink action completed successfully or system did not return E3494 in this run.
✅ Logout performed successfully at end.
✅ Testcase VERIFIED: Protest action checked. System did not return E4221 in this run. Protest is either allowed or already handled.
✅ Logout performed successfully at end.]]>
  </system-out>
</testsuite> <!-- TestCases.TC07_CancellingTheAccountWhichIsModified -->
