<?xml version="1.0" encoding="UTF-8"?>
<!-- Generated by org.testng.reporters.JUnitReportReporter -->
<testsuite hostname="Priya-11255-BBSSL" failures="0" tests="1" name="TestCases.TC55_CancellingTheAccountWhichIsModifiedExportBill" time="10.171" errors="0" timestamp="2026-02-10T15:39:33 IST" skipped="0">
  <testcase classname="TestCases.TC55_CancellingTheAccountWhichIsModifiedExportBill" name="runTest" time="10.171"/>
</testsuite> <!-- TestCases.TC55_CancellingTheAccountWhichIsModifiedExportBill -->
