<?xml version="1.0" encoding="UTF-8"?>
<testng-results ignored="0" total="62" passed="52" failed="8" skipped="2">
  <reporter-output>
  </reporter-output>
  <suite started-at="2026-03-12T17:33:02 IST" name="Suite" finished-at="2026-03-12T18:59:36 IST" duration-ms="5193796">
    <groups>
    </groups>
    <test started-at="2026-03-12T17:33:02 IST" name="FuntionalityTest" finished-at="2026-03-12T18:59:36 IST" duration-ms="5193796">
      <class name="TestCases.TC03_CreatingOverdraftAccountAndVerifyingit">
        <test-method is-config="true" signature="setup()[pri:0, instance:TestCases.TC03_CreatingOverdraftAccountAndVerifyingit@1b410b60]" started-at="2026-03-12T17:39:25 IST" name="setup" finished-at="2026-03-12T17:39:25 IST" duration-ms="270" status="PASS">
          <reporter-output>
          </reporter-output>
        </test-method> <!-- setup -->
        <test-method signature="runTest()[pri:0, instance:TestCases.TC03_CreatingOverdraftAccountAndVerifyingit@1b410b60]" started-at="2026-03-12T17:39:25 IST" name="runTest" finished-at="2026-03-12T17:42:00 IST" duration-ms="155067" status="PASS">
          <reporter-output>
          </reporter-output>
        </test-method> <!-- runTest -->
      </class> <!-- TestCases.TC03_CreatingOverdraftAccountAndVerifyingit -->
      <class name="TestCases.TC22_ModifyTransactionAsCashNormalPayment">
        <test-method is-config="true" signature="setup()[pri:0, instance:TestCases.TC22_ModifyTransactionAsCashNormalPayment@a1f72f5]" started-at="2026-03-12T18:12:30 IST" name="setup" finished-at="2026-03-12T18:12:30 IST" duration-ms="132" status="PASS">
          <reporter-output>
          </reporter-output>
        </test-method> <!-- setup -->
        <test-method signature="runTest()[pri:0, instance:TestCases.TC22_ModifyTransactionAsCashNormalPayment@a1f72f5]" started-at="2026-03-12T18:12:30 IST" name="runTest" finished-at="2026-03-12T18:13:26 IST" duration-ms="56134" status="PASS">
          <reporter-output>
          </reporter-output>
        </test-method> <!-- runTest -->
      </class> <!-- TestCases.TC22_ModifyTransactionAsCashNormalPayment -->
      <class name="TestCases.TC49_MarkLienToTheCreatedSavingsAccount">
        <test-method is-config="true" signature="setup()[pri:0, instance:TestCases.TC49_MarkLienToTheCreatedSavingsAccount@7ba8c737]" started-at="2026-03-12T18:41:51 IST" name="setup" finished-at="2026-03-12T18:41:51 IST" duration-ms="92" status="PASS">
          <reporter-output>
          </reporter-output>
        </test-method> <!-- setup -->
        <test-method signature="runTest()[pri:0, instance:TestCases.TC49_MarkLienToTheCreatedSavingsAccount@7ba8c737]" started-at="2026-03-12T18:41:51 IST" name="runTest" finished-at="2026-03-12T18:43:18 IST" duration-ms="87102" status="PASS">
          <reporter-output>
          </reporter-output>
        </test-method> <!-- runTest -->
      </class> <!-- TestCases.TC49_MarkLienToTheCreatedSavingsAccount -->
      <class name="TestCases.TC52_AddLienForExistingAccountAndCancelling">
        <test-method is-config="true" signature="setup()[pri:0, instance:TestCases.TC52_AddLienForExistingAccountAndCancelling@2bec854f]" started-at="2026-03-12T18:46:42 IST" name="setup" finished-at="2026-03-12T18:46:42 IST" duration-ms="184" status="PASS">
          <reporter-output>
          </reporter-output>
        </test-method> <!-- setup -->
        <test-method signature="runTest()[pri:0, instance:TestCases.TC52_AddLienForExistingAccountAndCancelling@2bec854f]" started-at="2026-03-12T18:46:42 IST" name="runTest" finished-at="2026-03-12T18:48:13 IST" duration-ms="90529" status="PASS">
          <reporter-output>
          </reporter-output>
        </test-method> <!-- runTest -->
      </class> <!-- TestCases.TC52_AddLienForExistingAccountAndCancelling -->
      <class name="TestCases.TC42_DoingCashDepositToTheExistedSavingsAccountUsingCashCrossNormalReceipt">
        <test-method is-config="true" signature="setup()[pri:0, instance:TestCases.TC42_DoingCashDepositToTheExistedSavingsAccountUsingCashCrossNormalReceipt@791d1f8b]" started-at="2026-03-12T18:33:59 IST" name="setup" finished-at="2026-03-12T18:33:59 IST" duration-ms="130" status="PASS">
          <reporter-output>
          </reporter-output>
        </test-method> <!-- setup -->
        <test-method signature="runTest()[pri:0, instance:TestCases.TC42_DoingCashDepositToTheExistedSavingsAccountUsingCashCrossNormalReceipt@791d1f8b]" started-at="2026-03-12T18:33:59 IST" name="runTest" finished-at="2026-03-12T18:35:04 IST" duration-ms="65046" status="PASS">
          <reporter-output>
          </reporter-output>
        </test-method> <!-- runTest -->
      </class> <!-- TestCases.TC42_DoingCashDepositToTheExistedSavingsAccountUsingCashCrossNormalReceipt -->
      <class name="TestCases.TC08_IssusingCheckbookForCreatedSavingsAccountAndCancelling">
        <test-method is-config="true" signature="setup()[pri:0, instance:TestCases.TC08_IssusingCheckbookForCreatedSavingsAccountAndCancelling@456d6c1e]" started-at="2026-03-12T17:49:58 IST" name="setup" finished-at="2026-03-12T17:49:58 IST" duration-ms="138" status="PASS">
          <reporter-output>
          </reporter-output>
        </test-method> <!-- setup -->
        <test-method signature="runTest()[pri:0, instance:TestCases.TC08_IssusingCheckbookForCreatedSavingsAccountAndCancelling@456d6c1e]" started-at="2026-03-12T17:49:58 IST" name="runTest" finished-at="2026-03-12T17:51:33 IST" duration-ms="95814" status="PASS">
          <reporter-output>
          </reporter-output>
        </test-method> <!-- runTest -->
      </class> <!-- TestCases.TC08_IssusingCheckbookForCreatedSavingsAccountAndCancelling -->
      <class name="TestCases.TC35_ModifyThePostedTransactionAsCrossCCYReceiptImplicit">
        <test-method is-config="true" signature="setup()[pri:0, instance:TestCases.TC35_ModifyThePostedTransactionAsCrossCCYReceiptImplicit@27912e3]" started-at="2026-03-12T18:27:56 IST" name="setup" finished-at="2026-03-12T18:27:56 IST" duration-ms="260" status="PASS">
          <reporter-output>
          </reporter-output>
        </test-method> <!-- setup -->
        <test-method signature="runTest()[pri:0, instance:TestCases.TC35_ModifyThePostedTransactionAsCrossCCYReceiptImplicit@27912e3]" started-at="2026-03-12T18:27:56 IST" name="runTest" finished-at="2026-03-12T18:28:56 IST" duration-ms="60067" status="PASS">
          <reporter-output>
          </reporter-output>
        </test-method> <!-- runTest -->
      </class> <!-- TestCases.TC35_ModifyThePostedTransactionAsCrossCCYReceiptImplicit -->
      <class name="TestCases.TC14_AddingTotalFreezefortheCreatedSavingsAccount">
        <test-method is-config="true" signature="setup()[pri:0, instance:TestCases.TC14_AddingTotalFreezefortheCreatedSavingsAccount@3cfdd820]" started-at="2026-03-12T17:58:40 IST" name="setup" finished-at="2026-03-12T17:58:41 IST" duration-ms="625" status="PASS">
          <reporter-output>
          </reporter-output>
        </test-method> <!-- setup -->
        <test-method signature="runTest()[pri:0, instance:TestCases.TC14_AddingTotalFreezefortheCreatedSavingsAccount@3cfdd820]" started-at="2026-03-12T17:58:41 IST" name="runTest" finished-at="2026-03-12T18:01:59 IST" duration-ms="198450" status="PASS">
          <reporter-output>
          </reporter-output>
        </test-method> <!-- runTest -->
      </class> <!-- TestCases.TC14_AddingTotalFreezefortheCreatedSavingsAccount -->
      <class name="TestCases.TC56_CreatingCurrentAccountAndVerificationOfCurrent">
        <test-method is-config="true" signature="setup()[pri:0, instance:TestCases.TC56_CreatingCurrentAccountAndVerificationOfCurrent@7c3fdb62]" started-at="2026-03-12T18:50:06 IST" name="setup" finished-at="2026-03-12T18:50:06 IST" duration-ms="94" status="PASS">
          <reporter-output>
          </reporter-output>
        </test-method> <!-- setup -->
        <test-method signature="runTest()[pri:0, instance:TestCases.TC56_CreatingCurrentAccountAndVerificationOfCurrent@7c3fdb62]" started-at="2026-03-12T18:50:06 IST" name="runTest" finished-at="2026-03-12T18:51:57 IST" duration-ms="111070" status="FAIL">
          <exception class="java.lang.AssertionError">
            <message>
              <![CDATA[❌ Assertion Failure: Test failed: 752 - The account creation is already authorized.]]>
            </message>
            <full-stacktrace>
              <![CDATA[java.lang.AssertionError: ❌ Assertion Failure: Test failed: 752 - The account creation is already authorized.
at org.testng.Assert.fail(Assert.java:111)
at TestCases.TC56_CreatingCurrentAccountAndVerificationOfCurrent.runTest(TC56_CreatingCurrentAccountAndVerificationOfCurrent.java:89)
at java.base/jdk.internal.reflect.NativeMethodAccessorImpl.invoke0(Native Method)
at java.base/jdk.internal.reflect.NativeMethodAccessorImpl.invoke(NativeMethodAccessorImpl.java:77)
at java.base/jdk.internal.reflect.DelegatingMethodAccessorImpl.invoke(DelegatingMethodAccessorImpl.java:43)
at java.base/java.lang.reflect.Method.invoke(Method.java:568)
at org.testng.internal.invokers.MethodInvocationHelper.invokeMethod(MethodInvocationHelper.java:141)
at org.testng.internal.invokers.TestInvoker.invokeMethod(TestInvoker.java:687)
at org.testng.internal.invokers.TestInvoker.invokeTestMethod(TestInvoker.java:230)
at org.testng.internal.invokers.MethodRunner.runInSequence(MethodRunner.java:63)
at org.testng.internal.invokers.TestInvoker$MethodInvocationAgent.invoke(TestInvoker.java:995)
at org.testng.internal.invokers.TestInvoker.invokeTestMethods(TestInvoker.java:203)
at org.testng.internal.invokers.TestMethodWorker.invokeTestMethods(TestMethodWorker.java:154)
at org.testng.internal.invokers.TestMethodWorker.run(TestMethodWorker.java:134)
at java.base/java.util.ArrayList.forEach(ArrayList.java:1511)
at org.testng.TestRunner.privateRun(TestRunner.java:741)
at org.testng.TestRunner.run(TestRunner.java:616)
at org.testng.SuiteRunner.runTest(SuiteRunner.java:421)
at org.testng.SuiteRunner.runSequentially(SuiteRunner.java:413)
at org.testng.SuiteRunner.privateRun(SuiteRunner.java:373)
at org.testng.SuiteRunner.run(SuiteRunner.java:312)
at org.testng.SuiteRunnerWorker.runSuite(SuiteRunnerWorker.java:52)
at org.testng.SuiteRunnerWorker.run(SuiteRunnerWorker.java:95)
at org.testng.TestNG.runSuitesSequentially(TestNG.java:1274)
at org.testng.TestNG.runSuitesLocally(TestNG.java:1208)
at org.testng.TestNG.runSuites(TestNG.java:1112)
at org.testng.TestNG.run(TestNG.java:1079)
at org.testng.remote.AbstractRemoteTestNG.run(AbstractRemoteTestNG.java:115)
at org.testng.remote.RemoteTestNG.initAndRun(RemoteTestNG.java:293)
at org.testng.remote.RemoteTestNG.main(RemoteTestNG.java:91)
]]>
            </full-stacktrace>
          </exception> <!-- java.lang.AssertionError -->
          <reporter-output>
          </reporter-output>
        </test-method> <!-- runTest -->
      </class> <!-- TestCases.TC56_CreatingCurrentAccountAndVerificationOfCurrent -->
      <class name="TestCases.TC09_AddingInventoryMomentBetweenLocations">
        <test-method is-config="true" signature="setup()[pri:0, instance:TestCases.TC09_AddingInventoryMomentBetweenLocations@1e13529a]" started-at="2026-03-12T17:51:34 IST" name="setup" finished-at="2026-03-12T17:51:34 IST" duration-ms="166" status="PASS">
          <reporter-output>
          </reporter-output>
        </test-method> <!-- setup -->
        <test-method signature="runTest()[pri:0, instance:TestCases.TC09_AddingInventoryMomentBetweenLocations@1e13529a]" started-at="2026-03-12T17:51:34 IST" name="runTest" finished-at="2026-03-12T17:53:16 IST" duration-ms="102385" status="PASS">
          <reporter-output>
          </reporter-output>
        </test-method> <!-- runTest -->
      </class> <!-- TestCases.TC09_AddingInventoryMomentBetweenLocations -->
      <class name="TestCases.TC40_DoCashDepositForCreatedOverdraftAccount">
        <test-method is-config="true" signature="setup()[pri:0, instance:TestCases.TC40_DoCashDepositForCreatedOverdraftAccount@30b6ffe0]" started-at="2026-03-12T18:33:59 IST" name="setup" finished-at="2026-03-12T18:33:59 IST" duration-ms="6" status="FAIL">
          <exception class="java.io.FileNotFoundException">
            <message>
              <![CDATA[C:\Finacle_1\CASA\Resource\HCASHDEP.xlsx (The system cannot find the file specified)]]>
            </message>
            <full-stacktrace>
              <![CDATA[java.io.FileNotFoundException: C:\Finacle_1\CASA\Resource\HCASHDEP.xlsx (The system cannot find the file specified)
at java.base/java.io.FileInputStream.open0(Native Method)
at java.base/java.io.FileInputStream.open(FileInputStream.java:216)
at java.base/java.io.FileInputStream.<init>(FileInputStream.java:157)
at java.base/java.io.FileInputStream.<init>(FileInputStream.java:111)
at Utilities.ExcelUtils.loadExcel(ExcelUtils.java:404)
at TestCases.TC40_DoCashDepositForCreatedOverdraftAccount.setup(TC40_DoCashDepositForCreatedOverdraftAccount.java:32)
at java.base/jdk.internal.reflect.NativeMethodAccessorImpl.invoke0(Native Method)
at java.base/jdk.internal.reflect.NativeMethodAccessorImpl.invoke(NativeMethodAccessorImpl.java:77)
at java.base/jdk.internal.reflect.DelegatingMethodAccessorImpl.invoke(DelegatingMethodAccessorImpl.java:43)
at java.base/java.lang.reflect.Method.invoke(Method.java:568)
at org.testng.internal.invokers.MethodInvocationHelper.invokeMethod(MethodInvocationHelper.java:141)
at org.testng.internal.invokers.MethodInvocationHelper.invokeMethodConsideringTimeout(MethodInvocationHelper.java:71)
at org.testng.internal.invokers.ConfigInvoker.invokeConfigurationMethod(ConfigInvoker.java:400)
at org.testng.internal.invokers.ConfigInvoker.invokeConfigurations(ConfigInvoker.java:333)
at org.testng.internal.invokers.TestMethodWorker.invokeBeforeClassMethods(TestMethodWorker.java:188)
at org.testng.internal.invokers.TestMethodWorker.run(TestMethodWorker.java:128)
at java.base/java.util.ArrayList.forEach(ArrayList.java:1511)
at org.testng.TestRunner.privateRun(TestRunner.java:741)
at org.testng.TestRunner.run(TestRunner.java:616)
at org.testng.SuiteRunner.runTest(SuiteRunner.java:421)
at org.testng.SuiteRunner.runSequentially(SuiteRunner.java:413)
at org.testng.SuiteRunner.privateRun(SuiteRunner.java:373)
at org.testng.SuiteRunner.run(SuiteRunner.java:312)
at org.testng.SuiteRunnerWorker.runSuite(SuiteRunnerWorker.java:52)
at org.testng.SuiteRunnerWorker.run(SuiteRunnerWorker.java:95)
at org.testng.TestNG.runSuitesSequentially(TestNG.java:1274)
at org.testng.TestNG.runSuitesLocally(TestNG.java:1208)
at org.testng.TestNG.runSuites(TestNG.java:1112)
at org.testng.TestNG.run(TestNG.java:1079)
at org.testng.remote.AbstractRemoteTestNG.run(AbstractRemoteTestNG.java:115)
at org.testng.remote.RemoteTestNG.initAndRun(RemoteTestNG.java:293)
at org.testng.remote.RemoteTestNG.main(RemoteTestNG.java:91)
]]>
            </full-stacktrace>
          </exception> <!-- java.io.FileNotFoundException -->
          <reporter-output>
          </reporter-output>
        </test-method> <!-- setup -->
        <test-method signature="runTest()[pri:0, instance:TestCases.TC40_DoCashDepositForCreatedOverdraftAccount@30b6ffe0]" started-at="2026-03-12T18:33:59 IST" name="runTest" finished-at="2026-03-12T18:33:59 IST" duration-ms="0" status="SKIP">
          <exception class="java.io.FileNotFoundException">
            <message>
              <![CDATA[C:\Finacle_1\CASA\Resource\HCASHDEP.xlsx (The system cannot find the file specified)]]>
            </message>
            <full-stacktrace>
              <![CDATA[java.io.FileNotFoundException: C:\Finacle_1\CASA\Resource\HCASHDEP.xlsx (The system cannot find the file specified)
at java.base/java.io.FileInputStream.open0(Native Method)
at java.base/java.io.FileInputStream.open(FileInputStream.java:216)
at java.base/java.io.FileInputStream.<init>(FileInputStream.java:157)
at java.base/java.io.FileInputStream.<init>(FileInputStream.java:111)
at Utilities.ExcelUtils.loadExcel(ExcelUtils.java:404)
at TestCases.TC40_DoCashDepositForCreatedOverdraftAccount.setup(TC40_DoCashDepositForCreatedOverdraftAccount.java:32)
at java.base/jdk.internal.reflect.NativeMethodAccessorImpl.invoke0(Native Method)
at java.base/jdk.internal.reflect.NativeMethodAccessorImpl.invoke(NativeMethodAccessorImpl.java:77)
at java.base/jdk.internal.reflect.DelegatingMethodAccessorImpl.invoke(DelegatingMethodAccessorImpl.java:43)
at java.base/java.lang.reflect.Method.invoke(Method.java:568)
at org.testng.internal.invokers.MethodInvocationHelper.invokeMethod(MethodInvocationHelper.java:141)
at org.testng.internal.invokers.MethodInvocationHelper.invokeMethodConsideringTimeout(MethodInvocationHelper.java:71)
at org.testng.internal.invokers.ConfigInvoker.invokeConfigurationMethod(ConfigInvoker.java:400)
at org.testng.internal.invokers.ConfigInvoker.invokeConfigurations(ConfigInvoker.java:333)
at org.testng.internal.invokers.TestMethodWorker.invokeBeforeClassMethods(TestMethodWorker.java:188)
at org.testng.internal.invokers.TestMethodWorker.run(TestMethodWorker.java:128)
at java.base/java.util.ArrayList.forEach(ArrayList.java:1511)
at org.testng.TestRunner.privateRun(TestRunner.java:741)
at org.testng.TestRunner.run(TestRunner.java:616)
at org.testng.SuiteRunner.runTest(SuiteRunner.java:421)
at org.testng.SuiteRunner.runSequentially(SuiteRunner.java:413)
at org.testng.SuiteRunner.privateRun(SuiteRunner.java:373)
at org.testng.SuiteRunner.run(SuiteRunner.java:312)
at org.testng.SuiteRunnerWorker.runSuite(SuiteRunnerWorker.java:52)
at org.testng.SuiteRunnerWorker.run(SuiteRunnerWorker.java:95)
at org.testng.TestNG.runSuitesSequentially(TestNG.java:1274)
at org.testng.TestNG.runSuitesLocally(TestNG.java:1208)
at org.testng.TestNG.runSuites(TestNG.java:1112)
at org.testng.TestNG.run(TestNG.java:1079)
at org.testng.remote.AbstractRemoteTestNG.run(AbstractRemoteTestNG.java:115)
at org.testng.remote.RemoteTestNG.initAndRun(RemoteTestNG.java:293)
at org.testng.remote.RemoteTestNG.main(RemoteTestNG.java:91)
]]>
            </full-stacktrace>
          </exception> <!-- java.io.FileNotFoundException -->
          <reporter-output>
          </reporter-output>
        </test-method> <!-- runTest -->
      </class> <!-- TestCases.TC40_DoCashDepositForCreatedOverdraftAccount -->
      <class name="TestCases.TC06_ModifyingtheVerifiedCashCreditAccountAndVerifyingTheModifiedDetails">
        <test-method is-config="true" signature="setup()[pri:0, instance:TestCases.TC06_ModifyingtheVerifiedCashCreditAccountAndVerifyingTheModifiedDetails@64ec96c6]" started-at="2026-03-12T17:46:43 IST" name="setup" finished-at="2026-03-12T17:46:43 IST" duration-ms="365" status="PASS">
          <reporter-output>
          </reporter-output>
        </test-method> <!-- setup -->
        <test-method signature="runTest()[pri:0, instance:TestCases.TC06_ModifyingtheVerifiedCashCreditAccountAndVerifyingTheModifiedDetails@64ec96c6]" started-at="2026-03-12T17:46:43 IST" name="runTest" finished-at="2026-03-12T17:48:30 IST" duration-ms="107083" status="PASS">
          <reporter-output>
          </reporter-output>
        </test-method> <!-- runTest -->
      </class> <!-- TestCases.TC06_ModifyingtheVerifiedCashCreditAccountAndVerifyingTheModifiedDetails -->
      <class name="TestCases.TC54_StopPaymentAndVerifyTheStopPayment">
        <test-method is-config="true" signature="setup()[pri:0, instance:TestCases.TC54_StopPaymentAndVerifyTheStopPayment@26adfd2d]" started-at="2026-03-12T18:48:57 IST" name="setup" finished-at="2026-03-12T18:48:57 IST" duration-ms="419" status="PASS">
          <reporter-output>
          </reporter-output>
        </test-method> <!-- setup -->
        <test-method signature="runTest()[pri:0, instance:TestCases.TC54_StopPaymentAndVerifyTheStopPayment@26adfd2d]" started-at="2026-03-12T18:48:57 IST" name="runTest" finished-at="2026-03-12T18:49:32 IST" duration-ms="35064" status="FAIL">
          <exception class="java.lang.AssertionError">
            <message>
              <![CDATA[❌ Assertion Failure: Test failed: E4043 - The cheque book is not issued to the entered account.]]>
            </message>
            <full-stacktrace>
              <![CDATA[java.lang.AssertionError: ❌ Assertion Failure: Test failed: E4043 - The cheque book is not issued to the entered account.
at org.testng.Assert.fail(Assert.java:111)
at TestCases.TC54_StopPaymentAndVerifyTheStopPayment.runTest(TC54_StopPaymentAndVerifyTheStopPayment.java:89)
at java.base/jdk.internal.reflect.NativeMethodAccessorImpl.invoke0(Native Method)
at java.base/jdk.internal.reflect.NativeMethodAccessorImpl.invoke(NativeMethodAccessorImpl.java:77)
at java.base/jdk.internal.reflect.DelegatingMethodAccessorImpl.invoke(DelegatingMethodAccessorImpl.java:43)
at java.base/java.lang.reflect.Method.invoke(Method.java:568)
at org.testng.internal.invokers.MethodInvocationHelper.invokeMethod(MethodInvocationHelper.java:141)
at org.testng.internal.invokers.TestInvoker.invokeMethod(TestInvoker.java:687)
at org.testng.internal.invokers.TestInvoker.invokeTestMethod(TestInvoker.java:230)
at org.testng.internal.invokers.MethodRunner.runInSequence(MethodRunner.java:63)
at org.testng.internal.invokers.TestInvoker$MethodInvocationAgent.invoke(TestInvoker.java:995)
at org.testng.internal.invokers.TestInvoker.invokeTestMethods(TestInvoker.java:203)
at org.testng.internal.invokers.TestMethodWorker.invokeTestMethods(TestMethodWorker.java:154)
at org.testng.internal.invokers.TestMethodWorker.run(TestMethodWorker.java:134)
at java.base/java.util.ArrayList.forEach(ArrayList.java:1511)
at org.testng.TestRunner.privateRun(TestRunner.java:741)
at org.testng.TestRunner.run(TestRunner.java:616)
at org.testng.SuiteRunner.runTest(SuiteRunner.java:421)
at org.testng.SuiteRunner.runSequentially(SuiteRunner.java:413)
at org.testng.SuiteRunner.privateRun(SuiteRunner.java:373)
at org.testng.SuiteRunner.run(SuiteRunner.java:312)
at org.testng.SuiteRunnerWorker.runSuite(SuiteRunnerWorker.java:52)
at org.testng.SuiteRunnerWorker.run(SuiteRunnerWorker.java:95)
at org.testng.TestNG.runSuitesSequentially(TestNG.java:1274)
at org.testng.TestNG.runSuitesLocally(TestNG.java:1208)
at org.testng.TestNG.runSuites(TestNG.java:1112)
at org.testng.TestNG.run(TestNG.java:1079)
at org.testng.remote.AbstractRemoteTestNG.run(AbstractRemoteTestNG.java:115)
at org.testng.remote.RemoteTestNG.initAndRun(RemoteTestNG.java:293)
at org.testng.remote.RemoteTestNG.main(RemoteTestNG.java:91)
]]>
            </full-stacktrace>
          </exception> <!-- java.lang.AssertionError -->
          <reporter-output>
          </reporter-output>
        </test-method> <!-- runTest -->
      </class> <!-- TestCases.TC54_StopPaymentAndVerifyTheStopPayment -->
      <class name="TestCases.TC50_ModifytheLienWhichIsAdded">
        <test-method is-config="true" signature="setup()[pri:0, instance:TestCases.TC50_ModifytheLienWhichIsAdded@1890516e]" started-at="2026-03-12T18:43:18 IST" name="setup" finished-at="2026-03-12T18:43:18 IST" duration-ms="75" status="PASS">
          <reporter-output>
          </reporter-output>
        </test-method> <!-- setup -->
        <test-method signature="runTest()[pri:0, instance:TestCases.TC50_ModifytheLienWhichIsAdded@1890516e]" started-at="2026-03-12T18:43:18 IST" name="runTest" finished-at="2026-03-12T18:44:52 IST" duration-ms="93475" status="PASS">
          <reporter-output>
          </reporter-output>
        </test-method> <!-- runTest -->
      </class> <!-- TestCases.TC50_ModifytheLienWhichIsAdded -->
      <class name="TestCases.TC30_PostTheTransactionAsCrossCCYPaymentImplicit">
        <test-method is-config="true" signature="setup()[pri:0, instance:TestCases.TC30_PostTheTransactionAsCrossCCYPaymentImplicit@5e17553a]" started-at="2026-03-12T18:20:50 IST" name="setup" finished-at="2026-03-12T18:20:50 IST" duration-ms="148" status="PASS">
          <reporter-output>
          </reporter-output>
        </test-method> <!-- setup -->
        <test-method signature="runTest()[pri:0, instance:TestCases.TC30_PostTheTransactionAsCrossCCYPaymentImplicit@5e17553a]" started-at="2026-03-12T18:20:50 IST" name="runTest" finished-at="2026-03-12T18:21:54 IST" duration-ms="63627" status="PASS">
          <reporter-output>
          </reporter-output>
        </test-method> <!-- runTest -->
      </class> <!-- TestCases.TC30_PostTheTransactionAsCrossCCYPaymentImplicit -->
      <class name="TestCases.TC05_CreatingCashCreditAccountAndVerification">
        <test-method is-config="true" signature="setup()[pri:0, instance:TestCases.TC05_CreatingCashCreditAccountAndVerification@19b843ba]" started-at="2026-03-12T17:44:01 IST" name="setup" finished-at="2026-03-12T17:44:01 IST" duration-ms="124" status="PASS">
          <reporter-output>
          </reporter-output>
        </test-method> <!-- setup -->
        <test-method signature="runTest()[pri:0, instance:TestCases.TC05_CreatingCashCreditAccountAndVerification@19b843ba]" started-at="2026-03-12T17:44:01 IST" name="runTest" finished-at="2026-03-12T17:46:43 IST" duration-ms="161811" status="PASS">
          <reporter-output>
          </reporter-output>
        </test-method> <!-- runTest -->
      </class> <!-- TestCases.TC05_CreatingCashCreditAccountAndVerification -->
      <class name="TestCases.TC21_PosttheAddedTransactionAndVerifying">
        <test-method is-config="true" signature="setup()[pri:0, instance:TestCases.TC21_PosttheAddedTransactionAndVerifying@19976a65]" started-at="2026-03-12T18:10:39 IST" name="setup" finished-at="2026-03-12T18:10:39 IST" duration-ms="302" status="PASS">
          <reporter-output>
          </reporter-output>
        </test-method> <!-- setup -->
        <test-method signature="runTest()[pri:0, instance:TestCases.TC21_PosttheAddedTransactionAndVerifying@19976a65]" started-at="2026-03-12T18:10:39 IST" name="runTest" finished-at="2026-03-12T18:12:30 IST" duration-ms="110907" status="PASS">
          <reporter-output>
          </reporter-output>
        </test-method> <!-- runTest -->
      </class> <!-- TestCases.TC21_PosttheAddedTransactionAndVerifying -->
      <class name="TestCases.TC32_DeleteTheTransactionAsCrossCCYPaymentImplicit">
        <test-method is-config="true" signature="setup()[pri:0, instance:TestCases.TC32_DeleteTheTransactionAsCrossCCYPaymentImplicit@56dc1551]" started-at="2026-03-12T18:22:40 IST" name="setup" finished-at="2026-03-12T18:22:40 IST" duration-ms="208" status="PASS">
          <reporter-output>
          </reporter-output>
        </test-method> <!-- setup -->
        <test-method signature="runTest()[pri:0, instance:TestCases.TC32_DeleteTheTransactionAsCrossCCYPaymentImplicit@56dc1551]" started-at="2026-03-12T18:22:40 IST" name="runTest" finished-at="2026-03-12T18:24:39 IST" duration-ms="119422" status="PASS">
          <reporter-output>
          </reporter-output>
        </test-method> <!-- runTest -->
      </class> <!-- TestCases.TC32_DeleteTheTransactionAsCrossCCYPaymentImplicit -->
      <class name="TestCases.TC02_ModifyingTheCreatedSavingsAccountAndVerifiy">
        <test-method is-config="true" signature="setup()[pri:0, instance:TestCases.TC02_ModifyingTheCreatedSavingsAccountAndVerifiy@7b50df34]" started-at="2026-03-12T17:36:33 IST" name="setup" finished-at="2026-03-12T17:36:34 IST" duration-ms="901" status="PASS">
          <reporter-output>
          </reporter-output>
        </test-method> <!-- setup -->
        <test-method signature="runTest()[pri:0, instance:TestCases.TC02_ModifyingTheCreatedSavingsAccountAndVerifiy@7b50df34]" started-at="2026-03-12T17:36:34 IST" name="runTest" finished-at="2026-03-12T17:39:25 IST" duration-ms="170927" status="PASS">
          <reporter-output>
          </reporter-output>
        </test-method> <!-- runTest -->
      </class> <!-- TestCases.TC02_ModifyingTheCreatedSavingsAccountAndVerifiy -->
      <class name="TestCases.TC46_DoCashWithDrawalForExistingCurrentAccount">
        <test-method is-config="true" signature="setup()[pri:0, instance:TestCases.TC46_DoCashWithDrawalForExistingCurrentAccount@24c22fe]" started-at="2026-03-12T18:38:26 IST" name="setup" finished-at="2026-03-12T18:38:27 IST" duration-ms="243" status="PASS">
          <reporter-output>
          </reporter-output>
        </test-method> <!-- setup -->
        <test-method signature="runTest()[pri:0, instance:TestCases.TC46_DoCashWithDrawalForExistingCurrentAccount@24c22fe]" started-at="2026-03-12T18:38:27 IST" name="runTest" finished-at="2026-03-12T18:39:32 IST" duration-ms="65352" status="PASS">
          <reporter-output>
          </reporter-output>
        </test-method> <!-- runTest -->
      </class> <!-- TestCases.TC46_DoCashWithDrawalForExistingCurrentAccount -->
      <class name="TestCases.TC36_InquireTheModifiedTransactionAsCrossCCYReceiptImplicit">
        <test-method is-config="true" signature="setup()[pri:0, instance:TestCases.TC36_InquireTheModifiedTransactionAsCrossCCYReceiptImplicit@34b9f960]" started-at="2026-03-12T18:28:56 IST" name="setup" finished-at="2026-03-12T18:28:56 IST" duration-ms="213" status="PASS">
          <reporter-output>
          </reporter-output>
        </test-method> <!-- setup -->
        <test-method signature="runTest()[pri:0, instance:TestCases.TC36_InquireTheModifiedTransactionAsCrossCCYReceiptImplicit@34b9f960]" started-at="2026-03-12T18:28:56 IST" name="runTest" finished-at="2026-03-12T18:29:47 IST" duration-ms="50713" status="PASS">
          <reporter-output>
          </reporter-output>
        </test-method> <!-- runTest -->
      </class> <!-- TestCases.TC36_InquireTheModifiedTransactionAsCrossCCYReceiptImplicit -->
      <class name="TestCases.TC57_ModifyingTheCreatedCurrentAccountAndVerifying">
        <test-method is-config="true" signature="setup()[pri:0, instance:TestCases.TC57_ModifyingTheCreatedCurrentAccountAndVerifying@205d38da]" started-at="2026-03-12T18:51:57 IST" name="setup" finished-at="2026-03-12T18:51:57 IST" duration-ms="66" status="PASS">
          <reporter-output>
          </reporter-output>
        </test-method> <!-- setup -->
        <test-method signature="runTest()[pri:0, instance:TestCases.TC57_ModifyingTheCreatedCurrentAccountAndVerifying@205d38da]" started-at="2026-03-12T18:51:57 IST" name="runTest" finished-at="2026-03-12T18:52:40 IST" duration-ms="43287" status="FAIL">
          <exception class="java.lang.AssertionError">
            <message>
              <![CDATA[❌ Assertion Failure: Test failed: E4927 - Cannot perform the requested operation. Account Maintenance Modification Pending verification]]>
            </message>
            <full-stacktrace>
              <![CDATA[java.lang.AssertionError: ❌ Assertion Failure: Test failed: E4927 - Cannot perform the requested operation. Account Maintenance Modification Pending verification
at org.testng.Assert.fail(Assert.java:111)
at TestCases.TC57_ModifyingTheCreatedCurrentAccountAndVerifying.runTest(TC57_ModifyingTheCreatedCurrentAccountAndVerifying.java:89)
at java.base/jdk.internal.reflect.NativeMethodAccessorImpl.invoke0(Native Method)
at java.base/jdk.internal.reflect.NativeMethodAccessorImpl.invoke(NativeMethodAccessorImpl.java:77)
at java.base/jdk.internal.reflect.DelegatingMethodAccessorImpl.invoke(DelegatingMethodAccessorImpl.java:43)
at java.base/java.lang.reflect.Method.invoke(Method.java:568)
at org.testng.internal.invokers.MethodInvocationHelper.invokeMethod(MethodInvocationHelper.java:141)
at org.testng.internal.invokers.TestInvoker.invokeMethod(TestInvoker.java:687)
at org.testng.internal.invokers.TestInvoker.invokeTestMethod(TestInvoker.java:230)
at org.testng.internal.invokers.MethodRunner.runInSequence(MethodRunner.java:63)
at org.testng.internal.invokers.TestInvoker$MethodInvocationAgent.invoke(TestInvoker.java:995)
at org.testng.internal.invokers.TestInvoker.invokeTestMethods(TestInvoker.java:203)
at org.testng.internal.invokers.TestMethodWorker.invokeTestMethods(TestMethodWorker.java:154)
at org.testng.internal.invokers.TestMethodWorker.run(TestMethodWorker.java:134)
at java.base/java.util.ArrayList.forEach(ArrayList.java:1511)
at org.testng.TestRunner.privateRun(TestRunner.java:741)
at org.testng.TestRunner.run(TestRunner.java:616)
at org.testng.SuiteRunner.runTest(SuiteRunner.java:421)
at org.testng.SuiteRunner.runSequentially(SuiteRunner.java:413)
at org.testng.SuiteRunner.privateRun(SuiteRunner.java:373)
at org.testng.SuiteRunner.run(SuiteRunner.java:312)
at org.testng.SuiteRunnerWorker.runSuite(SuiteRunnerWorker.java:52)
at org.testng.SuiteRunnerWorker.run(SuiteRunnerWorker.java:95)
at org.testng.TestNG.runSuitesSequentially(TestNG.java:1274)
at org.testng.TestNG.runSuitesLocally(TestNG.java:1208)
at org.testng.TestNG.runSuites(TestNG.java:1112)
at org.testng.TestNG.run(TestNG.java:1079)
at org.testng.remote.AbstractRemoteTestNG.run(AbstractRemoteTestNG.java:115)
at org.testng.remote.RemoteTestNG.initAndRun(RemoteTestNG.java:293)
at org.testng.remote.RemoteTestNG.main(RemoteTestNG.java:91)
]]>
            </full-stacktrace>
          </exception> <!-- java.lang.AssertionError -->
          <reporter-output>
          </reporter-output>
        </test-method> <!-- runTest -->
      </class> <!-- TestCases.TC57_ModifyingTheCreatedCurrentAccountAndVerifying -->
      <class name="TestCases.TC29_DeleteTheTransactionAsCashNormalReceipt">
        <test-method is-config="true" signature="setup()[pri:0, instance:TestCases.TC29_DeleteTheTransactionAsCashNormalReceipt@3b5fad2d]" started-at="2026-03-12T18:18:42 IST" name="setup" finished-at="2026-03-12T18:18:42 IST" duration-ms="219" status="PASS">
          <reporter-output>
          </reporter-output>
        </test-method> <!-- setup -->
        <test-method signature="runTest()[pri:0, instance:TestCases.TC29_DeleteTheTransactionAsCashNormalReceipt@3b5fad2d]" started-at="2026-03-12T18:18:42 IST" name="runTest" finished-at="2026-03-12T18:20:50 IST" duration-ms="127924" status="PASS">
          <reporter-output>
          </reporter-output>
        </test-method> <!-- runTest -->
      </class> <!-- TestCases.TC29_DeleteTheTransactionAsCashNormalReceipt -->
      <class name="TestCases.TC47_DoCashWithdrawalAsCashNormalPayement">
        <test-method is-config="true" signature="setup()[pri:0, instance:TestCases.TC47_DoCashWithdrawalAsCashNormalPayement@93081b6]" started-at="2026-03-12T18:39:32 IST" name="setup" finished-at="2026-03-12T18:39:32 IST" duration-ms="204" status="PASS">
          <reporter-output>
          </reporter-output>
        </test-method> <!-- setup -->
        <test-method signature="runTest()[pri:0, instance:TestCases.TC47_DoCashWithdrawalAsCashNormalPayement@93081b6]" started-at="2026-03-12T18:39:32 IST" name="runTest" finished-at="2026-03-12T18:40:43 IST" duration-ms="70637" status="PASS">
          <reporter-output>
          </reporter-output>
        </test-method> <!-- runTest -->
      </class> <!-- TestCases.TC47_DoCashWithdrawalAsCashNormalPayement -->
      <class name="TestCases.TC37_DeleteTheTransactAddedTransactionAsCrossCCYReceiptImplicit">
        <test-method is-config="true" signature="setup()[pri:0, instance:TestCases.TC37_DeleteTheTransactAddedTransactionAsCrossCCYReceiptImplicit@43015c69]" started-at="2026-03-12T18:29:47 IST" name="setup" finished-at="2026-03-12T18:29:48 IST" duration-ms="323" status="PASS">
          <reporter-output>
          </reporter-output>
        </test-method> <!-- setup -->
        <test-method signature="runTest()[pri:0, instance:TestCases.TC37_DeleteTheTransactAddedTransactionAsCrossCCYReceiptImplicit@43015c69]" started-at="2026-03-12T18:29:48 IST" name="runTest" finished-at="2026-03-12T18:31:52 IST" duration-ms="124636" status="PASS">
          <reporter-output>
          </reporter-output>
        </test-method> <!-- runTest -->
      </class> <!-- TestCases.TC37_DeleteTheTransactAddedTransactionAsCrossCCYReceiptImplicit -->
      <class name="TestCases.TC25_DeletetheAddedTransactionAsCashNormalPayment">
        <test-method is-config="true" signature="setup()[pri:0, instance:TestCases.TC25_DeletetheAddedTransactionAsCashNormalPayment@75c56eb9]" started-at="2026-03-12T18:14:41 IST" name="setup" finished-at="2026-03-12T18:14:41 IST" duration-ms="12" status="FAIL">
          <exception class="java.io.FileNotFoundException">
            <message>
              <![CDATA[C:\Finacle_1\CASA\Resource\HTM.xlsx (The system cannot find the file specified)]]>
            </message>
            <full-stacktrace>
              <![CDATA[java.io.FileNotFoundException: C:\Finacle_1\CASA\Resource\HTM.xlsx (The system cannot find the file specified)
at java.base/java.io.FileInputStream.open0(Native Method)
at java.base/java.io.FileInputStream.open(FileInputStream.java:216)
at java.base/java.io.FileInputStream.<init>(FileInputStream.java:157)
at java.base/java.io.FileInputStream.<init>(FileInputStream.java:111)
at Utilities.ExcelUtils.loadExcel(ExcelUtils.java:404)
at TestCases.TC25_DeletetheAddedTransactionAsCashNormalPayment.setup(TC25_DeletetheAddedTransactionAsCashNormalPayment.java:31)
at java.base/jdk.internal.reflect.NativeMethodAccessorImpl.invoke0(Native Method)
at java.base/jdk.internal.reflect.NativeMethodAccessorImpl.invoke(NativeMethodAccessorImpl.java:77)
at java.base/jdk.internal.reflect.DelegatingMethodAccessorImpl.invoke(DelegatingMethodAccessorImpl.java:43)
at java.base/java.lang.reflect.Method.invoke(Method.java:568)
at org.testng.internal.invokers.MethodInvocationHelper.invokeMethod(MethodInvocationHelper.java:141)
at org.testng.internal.invokers.MethodInvocationHelper.invokeMethodConsideringTimeout(MethodInvocationHelper.java:71)
at org.testng.internal.invokers.ConfigInvoker.invokeConfigurationMethod(ConfigInvoker.java:400)
at org.testng.internal.invokers.ConfigInvoker.invokeConfigurations(ConfigInvoker.java:333)
at org.testng.internal.invokers.TestMethodWorker.invokeBeforeClassMethods(TestMethodWorker.java:188)
at org.testng.internal.invokers.TestMethodWorker.run(TestMethodWorker.java:128)
at java.base/java.util.ArrayList.forEach(ArrayList.java:1511)
at org.testng.TestRunner.privateRun(TestRunner.java:741)
at org.testng.TestRunner.run(TestRunner.java:616)
at org.testng.SuiteRunner.runTest(SuiteRunner.java:421)
at org.testng.SuiteRunner.runSequentially(SuiteRunner.java:413)
at org.testng.SuiteRunner.privateRun(SuiteRunner.java:373)
at org.testng.SuiteRunner.run(SuiteRunner.java:312)
at org.testng.SuiteRunnerWorker.runSuite(SuiteRunnerWorker.java:52)
at org.testng.SuiteRunnerWorker.run(SuiteRunnerWorker.java:95)
at org.testng.TestNG.runSuitesSequentially(TestNG.java:1274)
at org.testng.TestNG.runSuitesLocally(TestNG.java:1208)
at org.testng.TestNG.runSuites(TestNG.java:1112)
at org.testng.TestNG.run(TestNG.java:1079)
at org.testng.remote.AbstractRemoteTestNG.run(AbstractRemoteTestNG.java:115)
at org.testng.remote.RemoteTestNG.initAndRun(RemoteTestNG.java:293)
at org.testng.remote.RemoteTestNG.main(RemoteTestNG.java:91)
]]>
            </full-stacktrace>
          </exception> <!-- java.io.FileNotFoundException -->
          <reporter-output>
          </reporter-output>
        </test-method> <!-- setup -->
        <test-method signature="runTest()[pri:0, instance:TestCases.TC25_DeletetheAddedTransactionAsCashNormalPayment@75c56eb9]" started-at="2026-03-12T18:14:42 IST" name="runTest" finished-at="2026-03-12T18:14:42 IST" duration-ms="0" status="SKIP">
          <exception class="java.io.FileNotFoundException">
            <message>
              <![CDATA[C:\Finacle_1\CASA\Resource\HTM.xlsx (The system cannot find the file specified)]]>
            </message>
            <full-stacktrace>
              <![CDATA[java.io.FileNotFoundException: C:\Finacle_1\CASA\Resource\HTM.xlsx (The system cannot find the file specified)
at java.base/java.io.FileInputStream.open0(Native Method)
at java.base/java.io.FileInputStream.open(FileInputStream.java:216)
at java.base/java.io.FileInputStream.<init>(FileInputStream.java:157)
at java.base/java.io.FileInputStream.<init>(FileInputStream.java:111)
at Utilities.ExcelUtils.loadExcel(ExcelUtils.java:404)
at TestCases.TC25_DeletetheAddedTransactionAsCashNormalPayment.setup(TC25_DeletetheAddedTransactionAsCashNormalPayment.java:31)
at java.base/jdk.internal.reflect.NativeMethodAccessorImpl.invoke0(Native Method)
at java.base/jdk.internal.reflect.NativeMethodAccessorImpl.invoke(NativeMethodAccessorImpl.java:77)
at java.base/jdk.internal.reflect.DelegatingMethodAccessorImpl.invoke(DelegatingMethodAccessorImpl.java:43)
at java.base/java.lang.reflect.Method.invoke(Method.java:568)
at org.testng.internal.invokers.MethodInvocationHelper.invokeMethod(MethodInvocationHelper.java:141)
at org.testng.internal.invokers.MethodInvocationHelper.invokeMethodConsideringTimeout(MethodInvocationHelper.java:71)
at org.testng.internal.invokers.ConfigInvoker.invokeConfigurationMethod(ConfigInvoker.java:400)
at org.testng.internal.invokers.ConfigInvoker.invokeConfigurations(ConfigInvoker.java:333)
at org.testng.internal.invokers.TestMethodWorker.invokeBeforeClassMethods(TestMethodWorker.java:188)
at org.testng.internal.invokers.TestMethodWorker.run(TestMethodWorker.java:128)
at java.base/java.util.ArrayList.forEach(ArrayList.java:1511)
at org.testng.TestRunner.privateRun(TestRunner.java:741)
at org.testng.TestRunner.run(TestRunner.java:616)
at org.testng.SuiteRunner.runTest(SuiteRunner.java:421)
at org.testng.SuiteRunner.runSequentially(SuiteRunner.java:413)
at org.testng.SuiteRunner.privateRun(SuiteRunner.java:373)
at org.testng.SuiteRunner.run(SuiteRunner.java:312)
at org.testng.SuiteRunnerWorker.runSuite(SuiteRunnerWorker.java:52)
at org.testng.SuiteRunnerWorker.run(SuiteRunnerWorker.java:95)
at org.testng.TestNG.runSuitesSequentially(TestNG.java:1274)
at org.testng.TestNG.runSuitesLocally(TestNG.java:1208)
at org.testng.TestNG.runSuites(TestNG.java:1112)
at org.testng.TestNG.run(TestNG.java:1079)
at org.testng.remote.AbstractRemoteTestNG.run(AbstractRemoteTestNG.java:115)
at org.testng.remote.RemoteTestNG.initAndRun(RemoteTestNG.java:293)
at org.testng.remote.RemoteTestNG.main(RemoteTestNG.java:91)
]]>
            </full-stacktrace>
          </exception> <!-- java.io.FileNotFoundException -->
          <reporter-output>
          </reporter-output>
        </test-method> <!-- runTest -->
      </class> <!-- TestCases.TC25_DeletetheAddedTransactionAsCashNormalPayment -->
      <class name="TestCases.TC60_ClosetheCreatedODAccount">
        <test-method is-config="true" signature="setup()[pri:0, instance:TestCases.TC60_ClosetheCreatedODAccount@6f3187b0]" started-at="2026-03-12T18:54:13 IST" name="setup" finished-at="2026-03-12T18:54:13 IST" duration-ms="303" status="PASS">
          <reporter-output>
          </reporter-output>
        </test-method> <!-- setup -->
        <test-method signature="runTest()[pri:0, instance:TestCases.TC60_ClosetheCreatedODAccount@6f3187b0]" started-at="2026-03-12T18:54:13 IST" name="runTest" finished-at="2026-03-12T18:56:27 IST" duration-ms="134049" status="PASS">
          <reporter-output>
          </reporter-output>
        </test-method> <!-- runTest -->
      </class> <!-- TestCases.TC60_ClosetheCreatedODAccount -->
      <class name="TestCases.TC01_CreateSavingsAccountWith5000AmtVerify">
        <test-method is-config="true" signature="setup()[pri:0, instance:TestCases.TC01_CreateSavingsAccountWith5000AmtVerify@389b0789]" started-at="2026-03-12T17:33:11 IST" name="setup" finished-at="2026-03-12T17:33:32 IST" duration-ms="20248" status="PASS">
          <reporter-output>
          </reporter-output>
        </test-method> <!-- setup -->
        <test-method signature="runTest()[pri:0, instance:TestCases.TC01_CreateSavingsAccountWith5000AmtVerify@389b0789]" started-at="2026-03-12T17:33:32 IST" name="runTest" finished-at="2026-03-12T17:36:32 IST" duration-ms="180711" status="PASS">
          <reporter-output>
          </reporter-output>
        </test-method> <!-- runTest -->
      </class> <!-- TestCases.TC01_CreateSavingsAccountWith5000AmtVerify -->
      <class name="TestCases.TC51_InquireLienWhichIsModified">
        <test-method is-config="true" signature="setup()[pri:0, instance:TestCases.TC51_InquireLienWhichIsModified@15a04efb]" started-at="2026-03-12T18:44:52 IST" name="setup" finished-at="2026-03-12T18:44:52 IST" duration-ms="65" status="PASS">
          <reporter-output>
          </reporter-output>
        </test-method> <!-- setup -->
        <test-method signature="runTest()[pri:0, instance:TestCases.TC51_InquireLienWhichIsModified@15a04efb]" started-at="2026-03-12T18:44:52 IST" name="runTest" finished-at="2026-03-12T18:45:29 IST" duration-ms="37582" status="FAIL">
          <exception class="java.lang.AssertionError">
            <message>
              <![CDATA[❌ Assertion Failure: Exception occurred: Expected condition failed: waiting for visibility of element located by By.id: invtTranId (tried for 8 second(s) with 500 milliseconds interval)
Build info: version: '4.38.0', revision: '6b412e825c*'
System info: os.name: 'Windows 11', os.arch: 'amd64', os.version: '10.0', java.version: '17.0.12'
Driver info: org.openqa.selenium.edge.EdgeDriver
Capabilities {acceptInsecureCerts: false, browserName: MicrosoftEdge, browserVersion: 145.0.3800.97, fedcm:accounts: true, goog:processID: 25344, ms:edgeOptions: {debuggerAddress: localhost:65233}, msedge: {msedgedriverVersion: 145.0.3800.97 (f4c49d5241f1..., userDataDir: C:\Users\chris\AppData\Loca...}, networkConnectionEnabled: false, pageLoadStrategy: normal, platformName: windows, proxy: Proxy(), se:cdp: ws://localhost:65233/devtoo..., se:cdpVersion: 145.0.3800.97, setWindowRect: true, strictFileInteractability: false, timeouts: {implicit: 0, pageLoad: 300000, script: 30000}, unhandledPromptBehavior: dismiss and notify, webauthn:extension:credBlob: true, webauthn:extension:largeBlob: true, webauthn:extension:minPinLength: true, webauthn:extension:prf: true, webauthn:virtualAuthenticators: true}
Session ID: f95b4b577feeb6b0a58bb31f71b8b04e]]>
            </message>
            <full-stacktrace>
              <![CDATA[java.lang.AssertionError: ❌ Assertion Failure: Exception occurred: Expected condition failed: waiting for visibility of element located by By.id: invtTranId (tried for 8 second(s) with 500 milliseconds interval)
Build info: version: '4.38.0', revision: '6b412e825c*'
System info: os.name: 'Windows 11', os.arch: 'amd64', os.version: '10.0', java.version: '17.0.12'
Driver info: org.openqa.selenium.edge.EdgeDriver
Capabilities {acceptInsecureCerts: false, browserName: MicrosoftEdge, browserVersion: 145.0.3800.97, fedcm:accounts: true, goog:processID: 25344, ms:edgeOptions: {debuggerAddress: localhost:65233}, msedge: {msedgedriverVersion: 145.0.3800.97 (f4c49d5241f1..., userDataDir: C:\Users\chris\AppData\Loca...}, networkConnectionEnabled: false, pageLoadStrategy: normal, platformName: windows, proxy: Proxy(), se:cdp: ws://localhost:65233/devtoo..., se:cdpVersion: 145.0.3800.97, setWindowRect: true, strictFileInteractability: false, timeouts: {implicit: 0, pageLoad: 300000, script: 30000}, unhandledPromptBehavior: dismiss and notify, webauthn:extension:credBlob: true, webauthn:extension:largeBlob: true, webauthn:extension:minPinLength: true, webauthn:extension:prf: true, webauthn:virtualAuthenticators: true}
Session ID: f95b4b577feeb6b0a58bb31f71b8b04e
at org.testng.Assert.fail(Assert.java:111)
at TestCases.TC51_InquireLienWhichIsModified.runTest(TC51_InquireLienWhichIsModified.java:86)
at java.base/jdk.internal.reflect.NativeMethodAccessorImpl.invoke0(Native Method)
at java.base/jdk.internal.reflect.NativeMethodAccessorImpl.invoke(NativeMethodAccessorImpl.java:77)
at java.base/jdk.internal.reflect.DelegatingMethodAccessorImpl.invoke(DelegatingMethodAccessorImpl.java:43)
at java.base/java.lang.reflect.Method.invoke(Method.java:568)
at org.testng.internal.invokers.MethodInvocationHelper.invokeMethod(MethodInvocationHelper.java:141)
at org.testng.internal.invokers.TestInvoker.invokeMethod(TestInvoker.java:687)
at org.testng.internal.invokers.TestInvoker.invokeTestMethod(TestInvoker.java:230)
at org.testng.internal.invokers.MethodRunner.runInSequence(MethodRunner.java:63)
at org.testng.internal.invokers.TestInvoker$MethodInvocationAgent.invoke(TestInvoker.java:995)
at org.testng.internal.invokers.TestInvoker.invokeTestMethods(TestInvoker.java:203)
at org.testng.internal.invokers.TestMethodWorker.invokeTestMethods(TestMethodWorker.java:154)
at org.testng.internal.invokers.TestMethodWorker.run(TestMethodWorker.java:134)
at java.base/java.util.ArrayList.forEach(ArrayList.java:1511)
at org.testng.TestRunner.privateRun(TestRunner.java:741)
at org.testng.TestRunner.run(TestRunner.java:616)
at org.testng.SuiteRunner.runTest(SuiteRunner.java:421)
at org.testng.SuiteRunner.runSequentially(SuiteRunner.java:413)
at org.testng.SuiteRunner.privateRun(SuiteRunner.java:373)
at org.testng.SuiteRunner.run(SuiteRunner.java:312)
at org.testng.SuiteRunnerWorker.runSuite(SuiteRunnerWorker.java:52)
at org.testng.SuiteRunnerWorker.run(SuiteRunnerWorker.java:95)
at org.testng.TestNG.runSuitesSequentially(TestNG.java:1274)
at org.testng.TestNG.runSuitesLocally(TestNG.java:1208)
at org.testng.TestNG.runSuites(TestNG.java:1112)
at org.testng.TestNG.run(TestNG.java:1079)
at org.testng.remote.AbstractRemoteTestNG.run(AbstractRemoteTestNG.java:115)
at org.testng.remote.RemoteTestNG.initAndRun(RemoteTestNG.java:293)
at org.testng.remote.RemoteTestNG.main(RemoteTestNG.java:91)
]]>
            </full-stacktrace>
          </exception> <!-- java.lang.AssertionError -->
          <reporter-output>
          </reporter-output>
        </test-method> <!-- runTest -->
      </class> <!-- TestCases.TC51_InquireLienWhichIsModified -->
      <class name="TestCases.TC39_DoCashDepositForCreatedCashCreditAccount">
        <test-method is-config="true" signature="setup()[pri:0, instance:TestCases.TC39_DoCashDepositForCreatedCashCreditAccount@4bbf6d0e]" started-at="2026-03-12T18:32:55 IST" name="setup" finished-at="2026-03-12T18:32:55 IST" duration-ms="348" status="PASS">
          <reporter-output>
          </reporter-output>
        </test-method> <!-- setup -->
        <test-method signature="runTest()[pri:0, instance:TestCases.TC39_DoCashDepositForCreatedCashCreditAccount@4bbf6d0e]" started-at="2026-03-12T18:32:55 IST" name="runTest" finished-at="2026-03-12T18:33:59 IST" duration-ms="63556" status="PASS">
          <reporter-output>
          </reporter-output>
        </test-method> <!-- runTest -->
      </class> <!-- TestCases.TC39_DoCashDepositForCreatedCashCreditAccount -->
      <class name="TestCases.TC31_InquireThePostedTransactionAsCrossCCYPaymentImplicit">
        <test-method is-config="true" signature="setup()[pri:0, instance:TestCases.TC31_InquireThePostedTransactionAsCrossCCYPaymentImplicit@3eb91815]" started-at="2026-03-12T18:21:54 IST" name="setup" finished-at="2026-03-12T18:21:54 IST" duration-ms="171" status="PASS">
          <reporter-output>
          </reporter-output>
        </test-method> <!-- setup -->
        <test-method signature="runTest()[pri:0, instance:TestCases.TC31_InquireThePostedTransactionAsCrossCCYPaymentImplicit@3eb91815]" started-at="2026-03-12T18:21:54 IST" name="runTest" finished-at="2026-03-12T18:22:39 IST" duration-ms="45096" status="PASS">
          <reporter-output>
          </reporter-output>
        </test-method> <!-- runTest -->
      </class> <!-- TestCases.TC31_InquireThePostedTransactionAsCrossCCYPaymentImplicit -->
      <class name="TestCases.TC58_CancelTheStopPayementWhichIsVerified">
        <test-method is-config="true" signature="setup()[pri:0, instance:TestCases.TC58_CancelTheStopPayementWhichIsVerified@6950ed69]" started-at="2026-03-12T18:52:41 IST" name="setup" finished-at="2026-03-12T18:52:41 IST" duration-ms="326" status="PASS">
          <reporter-output>
          </reporter-output>
        </test-method> <!-- setup -->
        <test-method signature="runTest()[pri:0, instance:TestCases.TC58_CancelTheStopPayementWhichIsVerified@6950ed69]" started-at="2026-03-12T18:52:41 IST" name="runTest" finished-at="2026-03-12T18:53:11 IST" duration-ms="29821" status="FAIL">
          <exception class="java.lang.AssertionError">
            <message>
              <![CDATA[❌ Unexpected error received: The record is not found for [SPT].]]>
            </message>
            <full-stacktrace>
              <![CDATA[java.lang.AssertionError: ❌ Unexpected error received: The record is not found for [SPT].
at org.testng.Assert.fail(Assert.java:111)
at TestCases.TC58_CancelTheStopPayementWhichIsVerified.runTest(TC58_CancelTheStopPayementWhichIsVerified.java:68)
at java.base/jdk.internal.reflect.NativeMethodAccessorImpl.invoke0(Native Method)
at java.base/jdk.internal.reflect.NativeMethodAccessorImpl.invoke(NativeMethodAccessorImpl.java:77)
at java.base/jdk.internal.reflect.DelegatingMethodAccessorImpl.invoke(DelegatingMethodAccessorImpl.java:43)
at java.base/java.lang.reflect.Method.invoke(Method.java:568)
at org.testng.internal.invokers.MethodInvocationHelper.invokeMethod(MethodInvocationHelper.java:141)
at org.testng.internal.invokers.TestInvoker.invokeMethod(TestInvoker.java:687)
at org.testng.internal.invokers.TestInvoker.invokeTestMethod(TestInvoker.java:230)
at org.testng.internal.invokers.MethodRunner.runInSequence(MethodRunner.java:63)
at org.testng.internal.invokers.TestInvoker$MethodInvocationAgent.invoke(TestInvoker.java:995)
at org.testng.internal.invokers.TestInvoker.invokeTestMethods(TestInvoker.java:203)
at org.testng.internal.invokers.TestMethodWorker.invokeTestMethods(TestMethodWorker.java:154)
at org.testng.internal.invokers.TestMethodWorker.run(TestMethodWorker.java:134)
at java.base/java.util.ArrayList.forEach(ArrayList.java:1511)
at org.testng.TestRunner.privateRun(TestRunner.java:741)
at org.testng.TestRunner.run(TestRunner.java:616)
at org.testng.SuiteRunner.runTest(SuiteRunner.java:421)
at org.testng.SuiteRunner.runSequentially(SuiteRunner.java:413)
at org.testng.SuiteRunner.privateRun(SuiteRunner.java:373)
at org.testng.SuiteRunner.run(SuiteRunner.java:312)
at org.testng.SuiteRunnerWorker.runSuite(SuiteRunnerWorker.java:52)
at org.testng.SuiteRunnerWorker.run(SuiteRunnerWorker.java:95)
at org.testng.TestNG.runSuitesSequentially(TestNG.java:1274)
at org.testng.TestNG.runSuitesLocally(TestNG.java:1208)
at org.testng.TestNG.runSuites(TestNG.java:1112)
at org.testng.TestNG.run(TestNG.java:1079)
at org.testng.remote.AbstractRemoteTestNG.run(AbstractRemoteTestNG.java:115)
at org.testng.remote.RemoteTestNG.initAndRun(RemoteTestNG.java:293)
at org.testng.remote.RemoteTestNG.main(RemoteTestNG.java:91)
]]>
            </full-stacktrace>
          </exception> <!-- java.lang.AssertionError -->
          <reporter-output>
          </reporter-output>
        </test-method> <!-- runTest -->
      </class> <!-- TestCases.TC58_CancelTheStopPayementWhichIsVerified -->
      <class name="TestCases.TC44_DoCashWithdrawalForOverdraftAccount">
        <test-method is-config="true" signature="setup()[pri:0, instance:TestCases.TC44_DoCashWithdrawalForOverdraftAccount@14f232c4]" started-at="2026-03-12T18:36:17 IST" name="setup" finished-at="2026-03-12T18:36:17 IST" duration-ms="597" status="PASS">
          <reporter-output>
          </reporter-output>
        </test-method> <!-- setup -->
        <test-method signature="runTest()[pri:0, instance:TestCases.TC44_DoCashWithdrawalForOverdraftAccount@14f232c4]" started-at="2026-03-12T18:36:17 IST" name="runTest" finished-at="2026-03-12T18:37:21 IST" duration-ms="63308" status="PASS">
          <reporter-output>
          </reporter-output>
        </test-method> <!-- runTest -->
      </class> <!-- TestCases.TC44_DoCashWithdrawalForOverdraftAccount -->
      <class name="TestCases.TC43_DoCashWithdrawalFromCreatedSavingsAccount">
        <test-method is-config="true" signature="setup()[pri:0, instance:TestCases.TC43_DoCashWithdrawalFromCreatedSavingsAccount@2415fc55]" started-at="2026-03-12T18:35:04 IST" name="setup" finished-at="2026-03-12T18:35:04 IST" duration-ms="121" status="PASS">
          <reporter-output>
          </reporter-output>
        </test-method> <!-- setup -->
        <test-method signature="runTest()[pri:0, instance:TestCases.TC43_DoCashWithdrawalFromCreatedSavingsAccount@2415fc55]" started-at="2026-03-12T18:35:04 IST" name="runTest" finished-at="2026-03-12T18:36:17 IST" duration-ms="72117" status="PASS">
          <reporter-output>
          </reporter-output>
        </test-method> <!-- runTest -->
      </class> <!-- TestCases.TC43_DoCashWithdrawalFromCreatedSavingsAccount -->
      <class name="TestCases.TC19_UnfreezeTheAccountWhichIsDebitFreezed">
        <test-method is-config="true" signature="setup()[pri:0, instance:TestCases.TC19_UnfreezeTheAccountWhichIsDebitFreezed@dc9876b]" started-at="2026-03-12T18:07:49 IST" name="setup" finished-at="2026-03-12T18:07:50 IST" duration-ms="189" status="PASS">
          <reporter-output>
          </reporter-output>
        </test-method> <!-- setup -->
        <test-method signature="runTest()[pri:0, instance:TestCases.TC19_UnfreezeTheAccountWhichIsDebitFreezed@dc9876b]" started-at="2026-03-12T18:07:50 IST" name="runTest" finished-at="2026-03-12T18:09:18 IST" duration-ms="88350" status="PASS">
          <reporter-output>
          </reporter-output>
        </test-method> <!-- runTest -->
      </class> <!-- TestCases.TC19_UnfreezeTheAccountWhichIsDebitFreezed -->
      <class name="TestCases.TC33_AddTransactionAsCrossCCYReceiptImplicit">
        <test-method is-config="true" signature="setup()[pri:0, instance:TestCases.TC33_AddTransactionAsCrossCCYReceiptImplicit@102cec62]" started-at="2026-03-12T18:24:39 IST" name="setup" finished-at="2026-03-12T18:24:40 IST" duration-ms="251" status="PASS">
          <reporter-output>
          </reporter-output>
        </test-method> <!-- setup -->
        <test-method signature="runTest()[pri:0, instance:TestCases.TC33_AddTransactionAsCrossCCYReceiptImplicit@102cec62]" started-at="2026-03-12T18:24:40 IST" name="runTest" finished-at="2026-03-12T18:25:50 IST" duration-ms="69848" status="PASS">
          <reporter-output>
          </reporter-output>
        </test-method> <!-- runTest -->
      </class> <!-- TestCases.TC33_AddTransactionAsCrossCCYReceiptImplicit -->
      <class name="TestCases.TC18_AddingDebitFreezefortheCreatedSavingsAccount">
        <test-method is-config="true" signature="setup()[pri:0, instance:TestCases.TC18_AddingDebitFreezefortheCreatedSavingsAccount@471a9022]" started-at="2026-03-12T18:06:23 IST" name="setup" finished-at="2026-03-12T18:06:23 IST" duration-ms="140" status="PASS">
          <reporter-output>
          </reporter-output>
        </test-method> <!-- setup -->
        <test-method signature="runTest()[pri:0, instance:TestCases.TC18_AddingDebitFreezefortheCreatedSavingsAccount@471a9022]" started-at="2026-03-12T18:06:23 IST" name="runTest" finished-at="2026-03-12T18:07:49 IST" duration-ms="85971" status="PASS">
          <reporter-output>
          </reporter-output>
        </test-method> <!-- runTest -->
      </class> <!-- TestCases.TC18_AddingDebitFreezefortheCreatedSavingsAccount -->
      <class name="TestCases.TC15_UnfreezeTheAccountWhichIsTotalFreezed">
        <test-method is-config="true" signature="setup()[pri:0, instance:TestCases.TC15_UnfreezeTheAccountWhichIsTotalFreezed@928763c]" started-at="2026-03-12T18:02:00 IST" name="setup" finished-at="2026-03-12T18:02:03 IST" duration-ms="2469" status="PASS">
          <reporter-output>
          </reporter-output>
        </test-method> <!-- setup -->
        <test-method signature="runTest()[pri:0, instance:TestCases.TC15_UnfreezeTheAccountWhichIsTotalFreezed@928763c]" started-at="2026-03-12T18:02:03 IST" name="runTest" finished-at="2026-03-12T18:03:33 IST" duration-ms="89937" status="PASS">
          <reporter-output>
          </reporter-output>
        </test-method> <!-- runTest -->
      </class> <!-- TestCases.TC15_UnfreezeTheAccountWhichIsTotalFreezed -->
      <class name="TestCases.TC53_CancellingtheLienMomentWhichIsVerified">
        <test-method is-config="true" signature="setup()[pri:0, instance:TestCases.TC53_CancellingtheLienMomentWhichIsVerified@31edaa7d]" started-at="2026-03-12T18:48:13 IST" name="setup" finished-at="2026-03-12T18:48:13 IST" duration-ms="65" status="PASS">
          <reporter-output>
          </reporter-output>
        </test-method> <!-- setup -->
        <test-method signature="runTest()[pri:0, instance:TestCases.TC53_CancellingtheLienMomentWhichIsVerified@31edaa7d]" started-at="2026-03-12T18:48:13 IST" name="runTest" finished-at="2026-03-12T18:48:56 IST" duration-ms="43795" status="PASS">
          <reporter-output>
          </reporter-output>
        </test-method> <!-- runTest -->
      </class> <!-- TestCases.TC53_CancellingtheLienMomentWhichIsVerified -->
      <class name="TestCases.TC04_ModifyingTheCreatedOverDraftAccountWhichIsVerified">
        <test-method is-config="true" signature="setup()[pri:0, instance:TestCases.TC04_ModifyingTheCreatedOverDraftAccountWhichIsVerified@2462cb01]" started-at="2026-03-12T17:42:00 IST" name="setup" finished-at="2026-03-12T17:42:01 IST" duration-ms="148" status="PASS">
          <reporter-output>
          </reporter-output>
        </test-method> <!-- setup -->
        <test-method signature="runTest()[pri:0, instance:TestCases.TC04_ModifyingTheCreatedOverDraftAccountWhichIsVerified@2462cb01]" started-at="2026-03-12T17:42:01 IST" name="runTest" finished-at="2026-03-12T17:44:01 IST" duration-ms="120243" status="PASS">
          <reporter-output>
          </reporter-output>
        </test-method> <!-- runTest -->
      </class> <!-- TestCases.TC04_ModifyingTheCreatedOverDraftAccountWhichIsVerified -->
      <class name="TestCases.TC11_InquireTheModifiedInventoryMoment">
        <test-method is-config="true" signature="setup()[pri:0, instance:TestCases.TC11_InquireTheModifiedInventoryMoment@452e19ca]" started-at="2026-03-12T17:55:10 IST" name="setup" finished-at="2026-03-12T17:55:10 IST" duration-ms="278" status="PASS">
          <reporter-output>
          </reporter-output>
        </test-method> <!-- setup -->
        <test-method signature="runTest()[pri:0, instance:TestCases.TC11_InquireTheModifiedInventoryMoment@452e19ca]" started-at="2026-03-12T17:55:10 IST" name="runTest" finished-at="2026-03-12T17:56:04 IST" duration-ms="54000" status="PASS">
          <reporter-output>
          </reporter-output>
        </test-method> <!-- runTest -->
      </class> <!-- TestCases.TC11_InquireTheModifiedInventoryMoment -->
      <class name="TestCases.TC12_CancelTheInventoryWhichIsAdded">
        <test-method is-config="true" signature="setup()[pri:0, instance:TestCases.TC12_CancelTheInventoryWhichIsAdded@6b0d80ed]" started-at="2026-03-12T17:56:04 IST" name="setup" finished-at="2026-03-12T17:56:04 IST" duration-ms="152" status="PASS">
          <reporter-output>
          </reporter-output>
        </test-method> <!-- setup -->
        <test-method signature="runTest()[pri:0, instance:TestCases.TC12_CancelTheInventoryWhichIsAdded@6b0d80ed]" started-at="2026-03-12T17:56:04 IST" name="runTest" finished-at="2026-03-12T17:57:51 IST" duration-ms="106368" status="PASS">
          <reporter-output>
          </reporter-output>
        </test-method> <!-- runTest -->
      </class> <!-- TestCases.TC12_CancelTheInventoryWhichIsAdded -->
      <class name="TestCases.TC17_UnfreezeTheAccountWhichIsCreditFreezed">
        <test-method is-config="true" signature="setup()[pri:0, instance:TestCases.TC17_UnfreezeTheAccountWhichIsCreditFreezed@15f47664]" started-at="2026-03-12T18:04:56 IST" name="setup" finished-at="2026-03-12T18:04:56 IST" duration-ms="169" status="PASS">
          <reporter-output>
          </reporter-output>
        </test-method> <!-- setup -->
        <test-method signature="runTest()[pri:0, instance:TestCases.TC17_UnfreezeTheAccountWhichIsCreditFreezed@15f47664]" started-at="2026-03-12T18:04:56 IST" name="runTest" finished-at="2026-03-12T18:06:23 IST" duration-ms="87119" status="PASS">
          <reporter-output>
          </reporter-output>
        </test-method> <!-- runTest -->
      </class> <!-- TestCases.TC17_UnfreezeTheAccountWhichIsCreditFreezed -->
      <class name="TestCases.TC13_CancelTheInventoryWhichIsVerified">
        <test-method is-config="true" signature="setup()[pri:0, instance:TestCases.TC13_CancelTheInventoryWhichIsVerified@6f8e8894]" started-at="2026-03-12T17:57:51 IST" name="setup" finished-at="2026-03-12T17:57:52 IST" duration-ms="743" status="PASS">
          <reporter-output>
          </reporter-output>
        </test-method> <!-- setup -->
        <test-method signature="runTest()[pri:0, instance:TestCases.TC13_CancelTheInventoryWhichIsVerified@6f8e8894]" started-at="2026-03-12T17:57:52 IST" name="runTest" finished-at="2026-03-12T17:58:40 IST" duration-ms="48267" status="PASS">
          <reporter-output>
          </reporter-output>
        </test-method> <!-- runTest -->
      </class> <!-- TestCases.TC13_CancelTheInventoryWhichIsVerified -->
      <class name="TestCases.TC48_DoCashWithdrawalfromExistedSavingsAccount">
        <test-method is-config="true" signature="setup()[pri:0, instance:TestCases.TC48_DoCashWithdrawalfromExistedSavingsAccount@cd1e646]" started-at="2026-03-12T18:40:43 IST" name="setup" finished-at="2026-03-12T18:40:43 IST" duration-ms="203" status="PASS">
          <reporter-output>
          </reporter-output>
        </test-method> <!-- setup -->
        <test-method signature="runTest()[pri:0, instance:TestCases.TC48_DoCashWithdrawalfromExistedSavingsAccount@cd1e646]" started-at="2026-03-12T18:40:43 IST" name="runTest" finished-at="2026-03-12T18:41:51 IST" duration-ms="67637" status="PASS">
          <reporter-output>
          </reporter-output>
        </test-method> <!-- runTest -->
      </class> <!-- TestCases.TC48_DoCashWithdrawalfromExistedSavingsAccount -->
      <class name="TestCases.TC59_CloseTheSavingsAccountWhichIsCreated">
        <test-method is-config="true" signature="setup()[pri:0, instance:TestCases.TC59_CloseTheSavingsAccountWhichIsCreated@6dd7b5a3]" started-at="2026-03-12T18:53:11 IST" name="setup" finished-at="2026-03-12T18:53:11 IST" duration-ms="75" status="PASS">
          <reporter-output>
          </reporter-output>
        </test-method> <!-- setup -->
        <test-method signature="runTest()[pri:0, instance:TestCases.TC59_CloseTheSavingsAccountWhichIsCreated@6dd7b5a3]" started-at="2026-03-12T18:53:11 IST" name="runTest" finished-at="2026-03-12T18:54:13 IST" duration-ms="61999" status="FAIL">
          <exception class="java.lang.AssertionError">
            <message>
              <![CDATA[❌ Assertion Failure: Test failed: ID capture failed: Expected condition failed: waiting for visibility of element located by By.xpath: //td[contains(translate(text(),'ABCDEFGHIJKLMNOPQRSTUVWXYZ','abcdefghijklmnopqrstuvwxyz'),'successfully')] (tried for 10 second(s) with 500 milliseconds interval)
Build info: version: '4.38.0', revision: '6b412e825c*'
System info: os.name: 'Windows 11', os.arch: 'amd64', os.version: '10.0', java.version: '17.0.12'
Driver info: org.openqa.selenium.edge.EdgeDriver
Capabilities {acceptInsecureCerts: false, browserName: MicrosoftEdge, browserVersion: 145.0.3800.97, fedcm:accounts: true, goog:processID: 25344, ms:edgeOptions: {debuggerAddress: localhost:65233}, msedge: {msedgedriverVersion: 145.0.3800.97 (f4c49d5241f1..., userDataDir: C:\Users\chris\AppData\Loca...}, networkConnectionEnabled: false, pageLoadStrategy: normal, platformName: windows, proxy: Proxy(), se:cdp: ws://localhost:65233/devtoo..., se:cdpVersion: 145.0.3800.97, setWindowRect: true, strictFileInteractability: false, timeouts: {implicit: 0, pageLoad: 300000, script: 30000}, unhandledPromptBehavior: dismiss and notify, webauthn:extension:credBlob: true, webauthn:extension:largeBlob: true, webauthn:extension:minPinLength: true, webauthn:extension:prf: true, webauthn:virtualAuthenticators: true}
Session ID: f95b4b577feeb6b0a58bb31f71b8b04e]]>
            </message>
            <full-stacktrace>
              <![CDATA[java.lang.AssertionError: ❌ Assertion Failure: Test failed: ID capture failed: Expected condition failed: waiting for visibility of element located by By.xpath: //td[contains(translate(text(),'ABCDEFGHIJKLMNOPQRSTUVWXYZ','abcdefghijklmnopqrstuvwxyz'),'successfully')] (tried for 10 second(s) with 500 milliseconds interval)
Build info: version: '4.38.0', revision: '6b412e825c*'
System info: os.name: 'Windows 11', os.arch: 'amd64', os.version: '10.0', java.version: '17.0.12'
Driver info: org.openqa.selenium.edge.EdgeDriver
Capabilities {acceptInsecureCerts: false, browserName: MicrosoftEdge, browserVersion: 145.0.3800.97, fedcm:accounts: true, goog:processID: 25344, ms:edgeOptions: {debuggerAddress: localhost:65233}, msedge: {msedgedriverVersion: 145.0.3800.97 (f4c49d5241f1..., userDataDir: C:\Users\chris\AppData\Loca...}, networkConnectionEnabled: false, pageLoadStrategy: normal, platformName: windows, proxy: Proxy(), se:cdp: ws://localhost:65233/devtoo..., se:cdpVersion: 145.0.3800.97, setWindowRect: true, strictFileInteractability: false, timeouts: {implicit: 0, pageLoad: 300000, script: 30000}, unhandledPromptBehavior: dismiss and notify, webauthn:extension:credBlob: true, webauthn:extension:largeBlob: true, webauthn:extension:minPinLength: true, webauthn:extension:prf: true, webauthn:virtualAuthenticators: true}
Session ID: f95b4b577feeb6b0a58bb31f71b8b04e
at org.testng.Assert.fail(Assert.java:111)
at TestCases.TC59_CloseTheSavingsAccountWhichIsCreated.runTest(TC59_CloseTheSavingsAccountWhichIsCreated.java:88)
at java.base/jdk.internal.reflect.NativeMethodAccessorImpl.invoke0(Native Method)
at java.base/jdk.internal.reflect.NativeMethodAccessorImpl.invoke(NativeMethodAccessorImpl.java:77)
at java.base/jdk.internal.reflect.DelegatingMethodAccessorImpl.invoke(DelegatingMethodAccessorImpl.java:43)
at java.base/java.lang.reflect.Method.invoke(Method.java:568)
at org.testng.internal.invokers.MethodInvocationHelper.invokeMethod(MethodInvocationHelper.java:141)
at org.testng.internal.invokers.TestInvoker.invokeMethod(TestInvoker.java:687)
at org.testng.internal.invokers.TestInvoker.invokeTestMethod(TestInvoker.java:230)
at org.testng.internal.invokers.MethodRunner.runInSequence(MethodRunner.java:63)
at org.testng.internal.invokers.TestInvoker$MethodInvocationAgent.invoke(TestInvoker.java:995)
at org.testng.internal.invokers.TestInvoker.invokeTestMethods(TestInvoker.java:203)
at org.testng.internal.invokers.TestMethodWorker.invokeTestMethods(TestMethodWorker.java:154)
at org.testng.internal.invokers.TestMethodWorker.run(TestMethodWorker.java:134)
at java.base/java.util.ArrayList.forEach(ArrayList.java:1511)
at org.testng.TestRunner.privateRun(TestRunner.java:741)
at org.testng.TestRunner.run(TestRunner.java:616)
at org.testng.SuiteRunner.runTest(SuiteRunner.java:421)
at org.testng.SuiteRunner.runSequentially(SuiteRunner.java:413)
at org.testng.SuiteRunner.privateRun(SuiteRunner.java:373)
at org.testng.SuiteRunner.run(SuiteRunner.java:312)
at org.testng.SuiteRunnerWorker.runSuite(SuiteRunnerWorker.java:52)
at org.testng.SuiteRunnerWorker.run(SuiteRunnerWorker.java:95)
at org.testng.TestNG.runSuitesSequentially(TestNG.java:1274)
at org.testng.TestNG.runSuitesLocally(TestNG.java:1208)
at org.testng.TestNG.runSuites(TestNG.java:1112)
at org.testng.TestNG.run(TestNG.java:1079)
at org.testng.remote.AbstractRemoteTestNG.run(AbstractRemoteTestNG.java:115)
at org.testng.remote.RemoteTestNG.initAndRun(RemoteTestNG.java:293)
at org.testng.remote.RemoteTestNG.main(RemoteTestNG.java:91)
]]>
            </full-stacktrace>
          </exception> <!-- java.lang.AssertionError -->
          <reporter-output>
          </reporter-output>
        </test-method> <!-- runTest -->
      </class> <!-- TestCases.TC59_CloseTheSavingsAccountWhichIsCreated -->
      <class name="TestCases.TC55_RevokeStopPaymentAndVerify">
        <test-method is-config="true" signature="setup()[pri:0, instance:TestCases.TC55_RevokeStopPaymentAndVerify@3336e6b6]" started-at="2026-03-12T18:49:32 IST" name="setup" finished-at="2026-03-12T18:49:32 IST" duration-ms="308" status="PASS">
          <reporter-output>
          </reporter-output>
        </test-method> <!-- setup -->
        <test-method signature="runTest()[pri:0, instance:TestCases.TC55_RevokeStopPaymentAndVerify@3336e6b6]" started-at="2026-03-12T18:49:32 IST" name="runTest" finished-at="2026-03-12T18:50:06 IST" duration-ms="33383" status="FAIL">
          <exception class="java.lang.AssertionError">
            <message>
              <![CDATA[❌ Assertion Failure: Test failed: 005 - The record is not found.]]>
            </message>
            <full-stacktrace>
              <![CDATA[java.lang.AssertionError: ❌ Assertion Failure: Test failed: 005 - The record is not found.
at org.testng.Assert.fail(Assert.java:111)
at TestCases.TC55_RevokeStopPaymentAndVerify.runTest(TC55_RevokeStopPaymentAndVerify.java:90)
at java.base/jdk.internal.reflect.NativeMethodAccessorImpl.invoke0(Native Method)
at java.base/jdk.internal.reflect.NativeMethodAccessorImpl.invoke(NativeMethodAccessorImpl.java:77)
at java.base/jdk.internal.reflect.DelegatingMethodAccessorImpl.invoke(DelegatingMethodAccessorImpl.java:43)
at java.base/java.lang.reflect.Method.invoke(Method.java:568)
at org.testng.internal.invokers.MethodInvocationHelper.invokeMethod(MethodInvocationHelper.java:141)
at org.testng.internal.invokers.TestInvoker.invokeMethod(TestInvoker.java:687)
at org.testng.internal.invokers.TestInvoker.invokeTestMethod(TestInvoker.java:230)
at org.testng.internal.invokers.MethodRunner.runInSequence(MethodRunner.java:63)
at org.testng.internal.invokers.TestInvoker$MethodInvocationAgent.invoke(TestInvoker.java:995)
at org.testng.internal.invokers.TestInvoker.invokeTestMethods(TestInvoker.java:203)
at org.testng.internal.invokers.TestMethodWorker.invokeTestMethods(TestMethodWorker.java:154)
at org.testng.internal.invokers.TestMethodWorker.run(TestMethodWorker.java:134)
at java.base/java.util.ArrayList.forEach(ArrayList.java:1511)
at org.testng.TestRunner.privateRun(TestRunner.java:741)
at org.testng.TestRunner.run(TestRunner.java:616)
at org.testng.SuiteRunner.runTest(SuiteRunner.java:421)
at org.testng.SuiteRunner.runSequentially(SuiteRunner.java:413)
at org.testng.SuiteRunner.privateRun(SuiteRunner.java:373)
at org.testng.SuiteRunner.run(SuiteRunner.java:312)
at org.testng.SuiteRunnerWorker.runSuite(SuiteRunnerWorker.java:52)
at org.testng.SuiteRunnerWorker.run(SuiteRunnerWorker.java:95)
at org.testng.TestNG.runSuitesSequentially(TestNG.java:1274)
at org.testng.TestNG.runSuitesLocally(TestNG.java:1208)
at org.testng.TestNG.runSuites(TestNG.java:1112)
at org.testng.TestNG.run(TestNG.java:1079)
at org.testng.remote.AbstractRemoteTestNG.run(AbstractRemoteTestNG.java:115)
at org.testng.remote.RemoteTestNG.initAndRun(RemoteTestNG.java:293)
at org.testng.remote.RemoteTestNG.main(RemoteTestNG.java:91)
]]>
            </full-stacktrace>
          </exception> <!-- java.lang.AssertionError -->
          <reporter-output>
          </reporter-output>
        </test-method> <!-- runTest -->
      </class> <!-- TestCases.TC55_RevokeStopPaymentAndVerify -->
      <class name="TestCases.TC38_DocashDepositToTheCreatedSavingsAccountAsCashNormalReceipt">
        <test-method is-config="true" signature="setup()[pri:0, instance:TestCases.TC38_DocashDepositToTheCreatedSavingsAccountAsCashNormalReceipt@19b89d4]" started-at="2026-03-12T18:31:52 IST" name="setup" finished-at="2026-03-12T18:31:53 IST" duration-ms="262" status="PASS">
          <reporter-output>
          </reporter-output>
        </test-method> <!-- setup -->
        <test-method signature="runTest()[pri:0, instance:TestCases.TC38_DocashDepositToTheCreatedSavingsAccountAsCashNormalReceipt@19b89d4]" started-at="2026-03-12T18:31:53 IST" name="runTest" finished-at="2026-03-12T18:32:55 IST" duration-ms="62434" status="PASS">
          <reporter-output>
          </reporter-output>
        </test-method> <!-- runTest -->
      </class> <!-- TestCases.TC38_DocashDepositToTheCreatedSavingsAccountAsCashNormalReceipt -->
      <class name="TestCases.TC23_InquireTheTransactionAsCashNormalPayment">
        <test-method is-config="true" signature="setup()[pri:0, instance:TestCases.TC23_InquireTheTransactionAsCashNormalPayment@4b2c5e02]" started-at="2026-03-12T18:13:26 IST" name="setup" finished-at="2026-03-12T18:13:26 IST" duration-ms="92" status="PASS">
          <reporter-output>
          </reporter-output>
        </test-method> <!-- setup -->
        <test-method signature="runTest()[pri:0, instance:TestCases.TC23_InquireTheTransactionAsCashNormalPayment@4b2c5e02]" started-at="2026-03-12T18:13:26 IST" name="runTest" finished-at="2026-03-12T18:14:13 IST" duration-ms="46857" status="PASS">
          <reporter-output>
          </reporter-output>
        </test-method> <!-- runTest -->
      </class> <!-- TestCases.TC23_InquireTheTransactionAsCashNormalPayment -->
      <class name="TestCases.TC62_CloseTheCreatedCurrentAccount">
        <test-method is-config="true" signature="setup()[pri:0, instance:TestCases.TC62_CloseTheCreatedCurrentAccount@48b67364]" started-at="2026-03-12T18:58:25 IST" name="setup" finished-at="2026-03-12T18:58:25 IST" duration-ms="95" status="PASS">
          <reporter-output>
          </reporter-output>
        </test-method> <!-- setup -->
        <test-method signature="runTest()[pri:0, instance:TestCases.TC62_CloseTheCreatedCurrentAccount@48b67364]" started-at="2026-03-12T18:58:25 IST" name="runTest" finished-at="2026-03-12T18:59:36 IST" duration-ms="70714" status="FAIL">
          <exception class="java.lang.AssertionError">
            <message>
              <![CDATA[❌ Exception Occurred: Unable to find element with locator By.id: chkbalTransferFlg
For documentation on this error, please visit: https://www.selenium.dev/documentation/webdriver/troubleshooting/errors#nosuchelementexception
Build info: version: '4.38.0', revision: '6b412e825c*'
System info: os.name: 'Windows 11', os.arch: 'amd64', os.version: '10.0', java.version: '17.0.12'
Driver info: driver.version: RemoteWebDriver]]>
            </message>
            <full-stacktrace>
              <![CDATA[java.lang.AssertionError: ❌ Exception Occurred: Unable to find element with locator By.id: chkbalTransferFlg
For documentation on this error, please visit: https://www.selenium.dev/documentation/webdriver/troubleshooting/errors#nosuchelementexception
Build info: version: '4.38.0', revision: '6b412e825c*'
System info: os.name: 'Windows 11', os.arch: 'amd64', os.version: '10.0', java.version: '17.0.12'
Driver info: driver.version: RemoteWebDriver
at org.testng.Assert.fail(Assert.java:111)
at TestCases.TC62_CloseTheCreatedCurrentAccount.runTest(TC62_CloseTheCreatedCurrentAccount.java:94)
at java.base/jdk.internal.reflect.NativeMethodAccessorImpl.invoke0(Native Method)
at java.base/jdk.internal.reflect.NativeMethodAccessorImpl.invoke(NativeMethodAccessorImpl.java:77)
at java.base/jdk.internal.reflect.DelegatingMethodAccessorImpl.invoke(DelegatingMethodAccessorImpl.java:43)
at java.base/java.lang.reflect.Method.invoke(Method.java:568)
at org.testng.internal.invokers.MethodInvocationHelper.invokeMethod(MethodInvocationHelper.java:141)
at org.testng.internal.invokers.TestInvoker.invokeMethod(TestInvoker.java:687)
at org.testng.internal.invokers.TestInvoker.invokeTestMethod(TestInvoker.java:230)
at org.testng.internal.invokers.MethodRunner.runInSequence(MethodRunner.java:63)
at org.testng.internal.invokers.TestInvoker$MethodInvocationAgent.invoke(TestInvoker.java:995)
at org.testng.internal.invokers.TestInvoker.invokeTestMethods(TestInvoker.java:203)
at org.testng.internal.invokers.TestMethodWorker.invokeTestMethods(TestMethodWorker.java:154)
at org.testng.internal.invokers.TestMethodWorker.run(TestMethodWorker.java:134)
at java.base/java.util.ArrayList.forEach(ArrayList.java:1511)
at org.testng.TestRunner.privateRun(TestRunner.java:741)
at org.testng.TestRunner.run(TestRunner.java:616)
at org.testng.SuiteRunner.runTest(SuiteRunner.java:421)
at org.testng.SuiteRunner.runSequentially(SuiteRunner.java:413)
at org.testng.SuiteRunner.privateRun(SuiteRunner.java:373)
at org.testng.SuiteRunner.run(SuiteRunner.java:312)
at org.testng.SuiteRunnerWorker.runSuite(SuiteRunnerWorker.java:52)
at org.testng.SuiteRunnerWorker.run(SuiteRunnerWorker.java:95)
at org.testng.TestNG.runSuitesSequentially(TestNG.java:1274)
at org.testng.TestNG.runSuitesLocally(TestNG.java:1208)
at org.testng.TestNG.runSuites(TestNG.java:1112)
at org.testng.TestNG.run(TestNG.java:1079)
at org.testng.remote.AbstractRemoteTestNG.run(AbstractRemoteTestNG.java:115)
at org.testng.remote.RemoteTestNG.initAndRun(RemoteTestNG.java:293)
at org.testng.remote.RemoteTestNG.main(RemoteTestNG.java:91)
]]>
            </full-stacktrace>
          </exception> <!-- java.lang.AssertionError -->
          <reporter-output>
          </reporter-output>
        </test-method> <!-- runTest -->
      </class> <!-- TestCases.TC62_CloseTheCreatedCurrentAccount -->
      <class name="TestCases.TC41_DoCashdepositforExistingCurrentUsingCashCrossCCYReceipt">
        <test-method is-config="true" signature="setup()[pri:0, instance:TestCases.TC41_DoCashdepositforExistingCurrentUsingCashCrossCCYReceipt@16c069df]" started-at="2026-03-12T18:45:30 IST" name="setup" finished-at="2026-03-12T18:45:31 IST" duration-ms="501" status="PASS">
          <reporter-output>
          </reporter-output>
        </test-method> <!-- setup -->
        <test-method signature="runTest()[pri:0, instance:TestCases.TC41_DoCashdepositforExistingCurrentUsingCashCrossCCYReceipt@16c069df]" started-at="2026-03-12T18:45:31 IST" name="runTest" finished-at="2026-03-12T18:46:42 IST" duration-ms="70849" status="PASS">
          <reporter-output>
          </reporter-output>
        </test-method> <!-- runTest -->
      </class> <!-- TestCases.TC41_DoCashdepositforExistingCurrentUsingCashCrossCCYReceipt -->
      <class name="TestCases.TC28_ModifyThePostedransactionAsCashNormalReceipt">
        <test-method is-config="true" signature="setup()[pri:0, instance:TestCases.TC28_ModifyThePostedransactionAsCashNormalReceipt@6531a794]" started-at="2026-03-12T18:17:48 IST" name="setup" finished-at="2026-03-12T18:17:48 IST" duration-ms="368" status="PASS">
          <reporter-output>
          </reporter-output>
        </test-method> <!-- setup -->
        <test-method signature="runTest()[pri:0, instance:TestCases.TC28_ModifyThePostedransactionAsCashNormalReceipt@6531a794]" started-at="2026-03-12T18:17:48 IST" name="runTest" finished-at="2026-03-12T18:18:42 IST" duration-ms="54087" status="PASS">
          <reporter-output>
          </reporter-output>
        </test-method> <!-- runTest -->
      </class> <!-- TestCases.TC28_ModifyThePostedransactionAsCashNormalReceipt -->
      <class name="TestCases.TC26_SaveTransactionAsCashNormalReceipt">
        <test-method is-config="true" signature="setup()[pri:0, instance:TestCases.TC26_SaveTransactionAsCashNormalReceipt@4bc222e]" started-at="2026-03-12T18:14:42 IST" name="setup" finished-at="2026-03-12T18:14:42 IST" duration-ms="236" status="PASS">
          <reporter-output>
          </reporter-output>
        </test-method> <!-- setup -->
        <test-method signature="runTest()[pri:0, instance:TestCases.TC26_SaveTransactionAsCashNormalReceipt@4bc222e]" started-at="2026-03-12T18:14:42 IST" name="runTest" finished-at="2026-03-12T18:15:52 IST" duration-ms="69722" status="PASS">
          <reporter-output>
          </reporter-output>
        </test-method> <!-- runTest -->
      </class> <!-- TestCases.TC26_SaveTransactionAsCashNormalReceipt -->
      <class name="TestCases.TC34_PostTheTransactionAsCrossCCyReceiptImplicitAndVerifying">
        <test-method is-config="true" signature="setup()[pri:0, instance:TestCases.TC34_PostTheTransactionAsCrossCCyReceiptImplicitAndVerifying@74f6c5d8]" started-at="2026-03-12T18:25:50 IST" name="setup" finished-at="2026-03-12T18:25:50 IST" duration-ms="569" status="PASS">
          <reporter-output>
          </reporter-output>
        </test-method> <!-- setup -->
        <test-method signature="runTest()[pri:0, instance:TestCases.TC34_PostTheTransactionAsCrossCCyReceiptImplicitAndVerifying@74f6c5d8]" started-at="2026-03-12T18:25:50 IST" name="runTest" finished-at="2026-03-12T18:27:56 IST" duration-ms="125378" status="PASS">
          <reporter-output>
          </reporter-output>
        </test-method> <!-- runTest -->
      </class> <!-- TestCases.TC34_PostTheTransactionAsCrossCCyReceiptImplicitAndVerifying -->
      <class name="TestCases.TC20_AddingTransactionAsCashNormalPayment">
        <test-method is-config="true" signature="setup()[pri:0, instance:TestCases.TC20_AddingTransactionAsCashNormalPayment@2f666ebb]" started-at="2026-03-12T18:09:18 IST" name="setup" finished-at="2026-03-12T18:09:19 IST" duration-ms="660" status="PASS">
          <reporter-output>
          </reporter-output>
        </test-method> <!-- setup -->
        <test-method signature="runTest()[pri:0, instance:TestCases.TC20_AddingTransactionAsCashNormalPayment@2f666ebb]" started-at="2026-03-12T18:09:19 IST" name="runTest" finished-at="2026-03-12T18:10:39 IST" duration-ms="79768" status="PASS">
          <reporter-output>
          </reporter-output>
        </test-method> <!-- runTest -->
      </class> <!-- TestCases.TC20_AddingTransactionAsCashNormalPayment -->
      <class name="TestCases.TC45_DoCashWithdrawalForCreatedCashCreditAccount">
        <test-method is-config="true" signature="setup()[pri:0, instance:TestCases.TC45_DoCashWithdrawalForCreatedCashCreditAccount@13bc8645]" started-at="2026-03-12T18:37:21 IST" name="setup" finished-at="2026-03-12T18:37:21 IST" duration-ms="95" status="PASS">
          <reporter-output>
          </reporter-output>
        </test-method> <!-- setup -->
        <test-method signature="runTest()[pri:0, instance:TestCases.TC45_DoCashWithdrawalForCreatedCashCreditAccount@13bc8645]" started-at="2026-03-12T18:37:21 IST" name="runTest" finished-at="2026-03-12T18:38:26 IST" duration-ms="65465" status="PASS">
          <reporter-output>
          </reporter-output>
        </test-method> <!-- runTest -->
      </class> <!-- TestCases.TC45_DoCashWithdrawalForCreatedCashCreditAccount -->
      <class name="TestCases.TC10_AddingTheInventoryMomentAndModifying">
        <test-method is-config="true" signature="setup()[pri:0, instance:TestCases.TC10_AddingTheInventoryMomentAndModifying@1ec9bd38]" started-at="2026-03-12T17:53:16 IST" name="setup" finished-at="2026-03-12T17:53:17 IST" duration-ms="591" status="PASS">
          <reporter-output>
          </reporter-output>
        </test-method> <!-- setup -->
        <test-method signature="runTest()[pri:0, instance:TestCases.TC10_AddingTheInventoryMomentAndModifying@1ec9bd38]" started-at="2026-03-12T17:53:17 IST" name="runTest" finished-at="2026-03-12T17:55:10 IST" duration-ms="112780" status="PASS">
          <reporter-output>
          </reporter-output>
        </test-method> <!-- runTest -->
      </class> <!-- TestCases.TC10_AddingTheInventoryMomentAndModifying -->
      <class name="TestCases.TC61_CloseTheCreatedCashCreditAccount">
        <test-method is-config="true" signature="setup()[pri:0, instance:TestCases.TC61_CloseTheCreatedCashCreditAccount@2663e964]" started-at="2026-03-12T18:56:29 IST" name="setup" finished-at="2026-03-12T18:56:34 IST" duration-ms="5000" status="PASS">
          <reporter-output>
          </reporter-output>
        </test-method> <!-- setup -->
        <test-method signature="runTest()[pri:0, instance:TestCases.TC61_CloseTheCreatedCashCreditAccount@2663e964]" started-at="2026-03-12T18:56:34 IST" name="runTest" finished-at="2026-03-12T18:58:25 IST" duration-ms="111356" status="PASS">
          <reporter-output>
          </reporter-output>
        </test-method> <!-- runTest -->
      </class> <!-- TestCases.TC61_CloseTheCreatedCashCreditAccount -->
      <class name="TestCases.TC07_IssuingCheckbookFortheCreatedSavingsAccountAndVerifying">
        <test-method is-config="true" signature="setup()[pri:0, instance:TestCases.TC07_IssuingCheckbookFortheCreatedSavingsAccountAndVerifying@77659b30]" started-at="2026-03-12T17:48:30 IST" name="setup" finished-at="2026-03-12T17:48:31 IST" duration-ms="109" status="PASS">
          <reporter-output>
          </reporter-output>
        </test-method> <!-- setup -->
        <test-method signature="runTest()[pri:0, instance:TestCases.TC07_IssuingCheckbookFortheCreatedSavingsAccountAndVerifying@77659b30]" started-at="2026-03-12T17:48:31 IST" name="runTest" finished-at="2026-03-12T17:49:57 IST" duration-ms="86941" status="PASS">
          <reporter-output>
          </reporter-output>
        </test-method> <!-- runTest -->
      </class> <!-- TestCases.TC07_IssuingCheckbookFortheCreatedSavingsAccountAndVerifying -->
      <class name="TestCases.TC16_AddCreditFreezeToTheCreatedSavingsAccount">
        <test-method is-config="true" signature="setup()[pri:0, instance:TestCases.TC16_AddCreditFreezeToTheCreatedSavingsAccount@e25951c]" started-at="2026-03-12T18:03:33 IST" name="setup" finished-at="2026-03-12T18:03:34 IST" duration-ms="362" status="PASS">
          <reporter-output>
          </reporter-output>
        </test-method> <!-- setup -->
        <test-method signature="runTest()[pri:0, instance:TestCases.TC16_AddCreditFreezeToTheCreatedSavingsAccount@e25951c]" started-at="2026-03-12T18:03:34 IST" name="runTest" finished-at="2026-03-12T18:04:56 IST" duration-ms="82097" status="PASS">
          <reporter-output>
          </reporter-output>
        </test-method> <!-- runTest -->
      </class> <!-- TestCases.TC16_AddCreditFreezeToTheCreatedSavingsAccount -->
      <class name="TestCases.TC24_DeleteThePostedTransactionAsCashNormalPayment">
        <test-method is-config="true" signature="setup()[pri:0, instance:TestCases.TC24_DeleteThePostedTransactionAsCashNormalPayment@57a3e26a]" started-at="2026-03-12T18:14:13 IST" name="setup" finished-at="2026-03-12T18:14:14 IST" duration-ms="502" status="PASS">
          <reporter-output>
          </reporter-output>
        </test-method> <!-- setup -->
        <test-method signature="runTest()[pri:0, instance:TestCases.TC24_DeleteThePostedTransactionAsCashNormalPayment@57a3e26a]" started-at="2026-03-12T18:14:14 IST" name="runTest" finished-at="2026-03-12T18:14:41 IST" duration-ms="27621" status="PASS">
          <reporter-output>
          </reporter-output>
        </test-method> <!-- runTest -->
      </class> <!-- TestCases.TC24_DeleteThePostedTransactionAsCashNormalPayment -->
      <class name="TestCases.TC27_PostTheAddedTrascationOfCashNormalReceiptAndVerifying">
        <test-method is-config="true" signature="setup()[pri:0, instance:TestCases.TC27_PostTheAddedTrascationOfCashNormalReceiptAndVerifying@2dc9b0f5]" started-at="2026-03-12T18:15:52 IST" name="setup" finished-at="2026-03-12T18:15:52 IST" duration-ms="339" status="PASS">
          <reporter-output>
          </reporter-output>
        </test-method> <!-- setup -->
        <test-method signature="runTest()[pri:0, instance:TestCases.TC27_PostTheAddedTrascationOfCashNormalReceiptAndVerifying@2dc9b0f5]" started-at="2026-03-12T18:15:52 IST" name="runTest" finished-at="2026-03-12T18:17:47 IST" duration-ms="115448" status="PASS">
          <reporter-output>
          </reporter-output>
        </test-method> <!-- runTest -->
      </class> <!-- TestCases.TC27_PostTheAddedTrascationOfCashNormalReceiptAndVerifying -->
    </test> <!-- FuntionalityTest -->
  </suite> <!-- Suite -->
</testng-results>
