<?xml version="1.0" encoding="UTF-8"?>
<!-- Generated by org.testng.reporters.JUnitXMLReporter -->
<testsuite ignored="0" hostname="ChristinaJenifer-personal-80499" failures="8" tests="62" name="FuntionalityTest" time="5193.796" errors="0" timestamp="2026-03-12T18:59:36 IST">
  <testcase classname="TestCases.TC25_DeletetheAddedTransactionAsCashNormalPayment" name="@BeforeClass setup" time="0.012">
    <failure type="java.io.FileNotFoundException" message="C:\Finacle_1\CASA\Resource\HTM.xlsx (The system cannot find the file specified)">
      <![CDATA[java.io.FileNotFoundException: C:\Finacle_1\CASA\Resource\HTM.xlsx (The system cannot find the file specified)
at java.base/java.io.FileInputStream.open0(Native Method)
at java.base/java.io.FileInputStream.open(FileInputStream.java:216)
at java.base/java.io.FileInputStream.<init>(FileInputStream.java:157)
at java.base/java.io.FileInputStream.<init>(FileInputStream.java:111)
at Utilities.ExcelUtils.loadExcel(ExcelUtils.java:404)
at TestCases.TC25_DeletetheAddedTransactionAsCashNormalPayment.setup(TC25_DeletetheAddedTransactionAsCashNormalPayment.java:31)
at java.base/java.util.ArrayList.forEach(ArrayList.java:1511)
... Removed 25 stack frames]]>
    </failure>
  </testcase> <!-- @BeforeClass setup -->
  <testcase classname="TestCases.TC40_DoCashDepositForCreatedOverdraftAccount" name="@BeforeClass setup" time="0.006">
    <failure type="java.io.FileNotFoundException" message="C:\Finacle_1\CASA\Resource\HCASHDEP.xlsx (The system cannot find the file specified)">
      <![CDATA[java.io.FileNotFoundException: C:\Finacle_1\CASA\Resource\HCASHDEP.xlsx (The system cannot find the file specified)
at java.base/java.io.FileInputStream.open0(Native Method)
at java.base/java.io.FileInputStream.open(FileInputStream.java:216)
at java.base/java.io.FileInputStream.<init>(FileInputStream.java:157)
at java.base/java.io.FileInputStream.<init>(FileInputStream.java:111)
at Utilities.ExcelUtils.loadExcel(ExcelUtils.java:404)
at TestCases.TC40_DoCashDepositForCreatedOverdraftAccount.setup(TC40_DoCashDepositForCreatedOverdraftAccount.java:32)
at java.base/java.util.ArrayList.forEach(ArrayList.java:1511)
... Removed 25 stack frames]]>
    </failure>
  </testcase> <!-- @BeforeClass setup -->
  <testcase classname="TestCases.TC01_CreateSavingsAccountWith5000AmtVerify" name="runTest" time="180.711"/>
  <testcase classname="TestCases.TC02_ModifyingTheCreatedSavingsAccountAndVerifiy" name="runTest" time="170.927"/>
  <testcase classname="TestCases.TC03_CreatingOverdraftAccountAndVerifyingit" name="runTest" time="155.067"/>
  <testcase classname="TestCases.TC04_ModifyingTheCreatedOverDraftAccountWhichIsVerified" name="runTest" time="120.243"/>
  <testcase classname="TestCases.TC05_CreatingCashCreditAccountAndVerification" name="runTest" time="161.811"/>
  <testcase classname="TestCases.TC06_ModifyingtheVerifiedCashCreditAccountAndVerifyingTheModifiedDetails" name="runTest" time="107.083"/>
  <testcase classname="TestCases.TC07_IssuingCheckbookFortheCreatedSavingsAccountAndVerifying" name="runTest" time="86.941"/>
  <testcase classname="TestCases.TC08_IssusingCheckbookForCreatedSavingsAccountAndCancelling" name="runTest" time="95.814"/>
  <testcase classname="TestCases.TC09_AddingInventoryMomentBetweenLocations" name="runTest" time="102.385"/>
  <testcase classname="TestCases.TC10_AddingTheInventoryMomentAndModifying" name="runTest" time="112.78"/>
  <testcase classname="TestCases.TC11_InquireTheModifiedInventoryMoment" name="runTest" time="54.0"/>
  <testcase classname="TestCases.TC12_CancelTheInventoryWhichIsAdded" name="runTest" time="106.368"/>
  <testcase classname="TestCases.TC13_CancelTheInventoryWhichIsVerified" name="runTest" time="48.267"/>
  <testcase classname="TestCases.TC14_AddingTotalFreezefortheCreatedSavingsAccount" name="runTest" time="198.45"/>
  <testcase classname="TestCases.TC15_UnfreezeTheAccountWhichIsTotalFreezed" name="runTest" time="89.937"/>
  <testcase classname="TestCases.TC16_AddCreditFreezeToTheCreatedSavingsAccount" name="runTest" time="82.097"/>
  <testcase classname="TestCases.TC17_UnfreezeTheAccountWhichIsCreditFreezed" name="runTest" time="87.119"/>
  <testcase classname="TestCases.TC18_AddingDebitFreezefortheCreatedSavingsAccount" name="runTest" time="85.971"/>
  <testcase classname="TestCases.TC19_UnfreezeTheAccountWhichIsDebitFreezed" name="runTest" time="88.35"/>
  <testcase classname="TestCases.TC20_AddingTransactionAsCashNormalPayment" name="runTest" time="79.768"/>
  <testcase classname="TestCases.TC21_PosttheAddedTransactionAndVerifying" name="runTest" time="110.907"/>
  <testcase classname="TestCases.TC22_ModifyTransactionAsCashNormalPayment" name="runTest" time="56.134"/>
  <testcase classname="TestCases.TC23_InquireTheTransactionAsCashNormalPayment" name="runTest" time="46.857"/>
  <testcase classname="TestCases.TC24_DeleteThePostedTransactionAsCashNormalPayment" name="runTest" time="27.621"/>
  <testcase classname="TestCases.TC25_DeletetheAddedTransactionAsCashNormalPayment" name="runTest" time="0.0">
    <skipped/>
  </testcase> <!-- runTest -->
  <testcase classname="TestCases.TC26_SaveTransactionAsCashNormalReceipt" name="runTest" time="69.722"/>
  <testcase classname="TestCases.TC27_PostTheAddedTrascationOfCashNormalReceiptAndVerifying" name="runTest" time="115.448"/>
  <testcase classname="TestCases.TC28_ModifyThePostedransactionAsCashNormalReceipt" name="runTest" time="54.087"/>
  <testcase classname="TestCases.TC29_DeleteTheTransactionAsCashNormalReceipt" name="runTest" time="127.924"/>
  <testcase classname="TestCases.TC30_PostTheTransactionAsCrossCCYPaymentImplicit" name="runTest" time="63.627"/>
  <testcase classname="TestCases.TC31_InquireThePostedTransactionAsCrossCCYPaymentImplicit" name="runTest" time="45.096"/>
  <testcase classname="TestCases.TC32_DeleteTheTransactionAsCrossCCYPaymentImplicit" name="runTest" time="119.422"/>
  <testcase classname="TestCases.TC33_AddTransactionAsCrossCCYReceiptImplicit" name="runTest" time="69.848"/>
  <testcase classname="TestCases.TC34_PostTheTransactionAsCrossCCyReceiptImplicitAndVerifying" name="runTest" time="125.378"/>
  <testcase classname="TestCases.TC35_ModifyThePostedTransactionAsCrossCCYReceiptImplicit" name="runTest" time="60.067"/>
  <testcase classname="TestCases.TC36_InquireTheModifiedTransactionAsCrossCCYReceiptImplicit" name="runTest" time="50.713"/>
  <testcase classname="TestCases.TC37_DeleteTheTransactAddedTransactionAsCrossCCYReceiptImplicit" name="runTest" time="124.636"/>
  <testcase classname="TestCases.TC38_DocashDepositToTheCreatedSavingsAccountAsCashNormalReceipt" name="runTest" time="62.434"/>
  <testcase classname="TestCases.TC39_DoCashDepositForCreatedCashCreditAccount" name="runTest" time="63.556"/>
  <testcase classname="TestCases.TC40_DoCashDepositForCreatedOverdraftAccount" name="runTest" time="0.0">
    <skipped/>
  </testcase> <!-- runTest -->
  <testcase classname="TestCases.TC42_DoingCashDepositToTheExistedSavingsAccountUsingCashCrossNormalReceipt" name="runTest" time="65.046"/>
  <testcase classname="TestCases.TC43_DoCashWithdrawalFromCreatedSavingsAccount" name="runTest" time="72.117"/>
  <testcase classname="TestCases.TC44_DoCashWithdrawalForOverdraftAccount" name="runTest" time="63.308"/>
  <testcase classname="TestCases.TC45_DoCashWithdrawalForCreatedCashCreditAccount" name="runTest" time="65.465"/>
  <testcase classname="TestCases.TC46_DoCashWithDrawalForExistingCurrentAccount" name="runTest" time="65.352"/>
  <testcase classname="TestCases.TC47_DoCashWithdrawalAsCashNormalPayement" name="runTest" time="70.637"/>
  <testcase classname="TestCases.TC48_DoCashWithdrawalfromExistedSavingsAccount" name="runTest" time="67.637"/>
  <testcase classname="TestCases.TC49_MarkLienToTheCreatedSavingsAccount" name="runTest" time="87.102"/>
  <testcase classname="TestCases.TC50_ModifytheLienWhichIsAdded" name="runTest" time="93.475"/>
  <testcase classname="TestCases.TC51_InquireLienWhichIsModified" name="runTest" time="37.582">
    <failure type="java.lang.AssertionError" message="❌ Assertion Failure: Exception occurred: Expected condition failed: waiting for visibility of element located by By.id: invtTranId (tried for 8 second(s) with 500 milliseconds interval)
Build info: version: &amp;apos;4.38.0&amp;apos;, revision: &amp;apos;6b412e825c*&amp;apos;
System info: os.name: &amp;apos;Windows 11&amp;apos;, os.arch: &amp;apos;amd64&amp;apos;, os.version: &amp;apos;10.0&amp;apos;, java.version: &amp;apos;17.0.12&amp;apos;
Driver info: org.openqa.selenium.edge.EdgeDriver
Capabilities {acceptInsecureCerts: false, browserName: MicrosoftEdge, browserVersion: 145.0.3800.97, fedcm:accounts: true, goog:processID: 25344, ms:edgeOptions: {debuggerAddress: localhost:65233}, msedge: {msedgedriverVersion: 145.0.3800.97 (f4c49d5241f1..., userDataDir: C:\Users\chris\AppData\Loca...}, networkConnectionEnabled: false, pageLoadStrategy: normal, platformName: windows, proxy: Proxy(), se:cdp: ws://localhost:65233/devtoo..., se:cdpVersion: 145.0.3800.97, setWindowRect: true, strictFileInteractability: false, timeouts: {implicit: 0, pageLoad: 300000, script: 30000}, unhandledPromptBehavior: dismiss and notify, webauthn:extension:credBlob: true, webauthn:extension:largeBlob: true, webauthn:extension:minPinLength: true, webauthn:extension:prf: true, webauthn:virtualAuthenticators: true}
Session ID: f95b4b577feeb6b0a58bb31f71b8b04e">
      <![CDATA[java.lang.AssertionError: ❌ Assertion Failure: Exception occurred: Expected condition failed: waiting for visibility of element located by By.id: invtTranId (tried for 8 second(s) with 500 milliseconds interval)
Build info: version: '4.38.0', revision: '6b412e825c*'
System info: os.name: 'Windows 11', os.arch: 'amd64', os.version: '10.0', java.version: '17.0.12'
Driver info: org.openqa.selenium.edge.EdgeDriver
Capabilities {acceptInsecureCerts: false, browserName: MicrosoftEdge, browserVersion: 145.0.3800.97, fedcm:accounts: true, goog:processID: 25344, ms:edgeOptions: {debuggerAddress: localhost:65233}, msedge: {msedgedriverVersion: 145.0.3800.97 (f4c49d5241f1..., userDataDir: C:\Users\chris\AppData\Loca...}, networkConnectionEnabled: false, pageLoadStrategy: normal, platformName: windows, proxy: Proxy(), se:cdp: ws://localhost:65233/devtoo..., se:cdpVersion: 145.0.3800.97, setWindowRect: true, strictFileInteractability: false, timeouts: {implicit: 0, pageLoad: 300000, script: 30000}, unhandledPromptBehavior: dismiss and notify, webauthn:extension:credBlob: true, webauthn:extension:largeBlob: true, webauthn:extension:minPinLength: true, webauthn:extension:prf: true, webauthn:virtualAuthenticators: true}
Session ID: f95b4b577feeb6b0a58bb31f71b8b04e
at TestCases.TC51_InquireLienWhichIsModified.runTest(TC51_InquireLienWhichIsModified.java:86)
at java.base/java.util.ArrayList.forEach(ArrayList.java:1511)
... Removed 28 stack frames]]>
    </failure>
  </testcase> <!-- runTest -->
  <testcase classname="TestCases.TC41_DoCashdepositforExistingCurrentUsingCashCrossCCYReceipt" name="runTest" time="70.849"/>
  <testcase classname="TestCases.TC52_AddLienForExistingAccountAndCancelling" name="runTest" time="90.529"/>
  <testcase classname="TestCases.TC53_CancellingtheLienMomentWhichIsVerified" name="runTest" time="43.795"/>
  <testcase classname="TestCases.TC54_StopPaymentAndVerifyTheStopPayment" name="runTest" time="35.064">
    <failure type="java.lang.AssertionError" message="❌ Assertion Failure: Test failed: E4043 - The cheque book is not issued to the entered account.">
      <![CDATA[java.lang.AssertionError: ❌ Assertion Failure: Test failed: E4043 - The cheque book is not issued to the entered account.
at TestCases.TC54_StopPaymentAndVerifyTheStopPayment.runTest(TC54_StopPaymentAndVerifyTheStopPayment.java:89)
at java.base/java.util.ArrayList.forEach(ArrayList.java:1511)
... Removed 28 stack frames]]>
    </failure>
  </testcase> <!-- runTest -->
  <testcase classname="TestCases.TC55_RevokeStopPaymentAndVerify" name="runTest" time="33.383">
    <failure type="java.lang.AssertionError" message="❌ Assertion Failure: Test failed: 005 - The record is not found.">
      <![CDATA[java.lang.AssertionError: ❌ Assertion Failure: Test failed: 005 - The record is not found.
at TestCases.TC55_RevokeStopPaymentAndVerify.runTest(TC55_RevokeStopPaymentAndVerify.java:90)
at java.base/java.util.ArrayList.forEach(ArrayList.java:1511)
... Removed 28 stack frames]]>
    </failure>
  </testcase> <!-- runTest -->
  <testcase classname="TestCases.TC56_CreatingCurrentAccountAndVerificationOfCurrent" name="runTest" time="111.07">
    <failure type="java.lang.AssertionError" message="❌ Assertion Failure: Test failed: 752 - The account creation is already authorized.">
      <![CDATA[java.lang.AssertionError: ❌ Assertion Failure: Test failed: 752 - The account creation is already authorized.
at TestCases.TC56_CreatingCurrentAccountAndVerificationOfCurrent.runTest(TC56_CreatingCurrentAccountAndVerificationOfCurrent.java:89)
at java.base/java.util.ArrayList.forEach(ArrayList.java:1511)
... Removed 28 stack frames]]>
    </failure>
  </testcase> <!-- runTest -->
  <testcase classname="TestCases.TC57_ModifyingTheCreatedCurrentAccountAndVerifying" name="runTest" time="43.287">
    <failure type="java.lang.AssertionError" message="❌ Assertion Failure: Test failed: E4927 - Cannot perform the requested operation. Account Maintenance Modification Pending verification">
      <![CDATA[java.lang.AssertionError: ❌ Assertion Failure: Test failed: E4927 - Cannot perform the requested operation. Account Maintenance Modification Pending verification
at TestCases.TC57_ModifyingTheCreatedCurrentAccountAndVerifying.runTest(TC57_ModifyingTheCreatedCurrentAccountAndVerifying.java:89)
at java.base/java.util.ArrayList.forEach(ArrayList.java:1511)
... Removed 28 stack frames]]>
    </failure>
  </testcase> <!-- runTest -->
  <testcase classname="TestCases.TC58_CancelTheStopPayementWhichIsVerified" name="runTest" time="29.821">
    <failure type="java.lang.AssertionError" message="❌ Unexpected error received: The record is not found for [SPT].">
      <![CDATA[java.lang.AssertionError: ❌ Unexpected error received: The record is not found for [SPT].
at TestCases.TC58_CancelTheStopPayementWhichIsVerified.runTest(TC58_CancelTheStopPayementWhichIsVerified.java:68)
at java.base/java.util.ArrayList.forEach(ArrayList.java:1511)
... Removed 28 stack frames]]>
    </failure>
  </testcase> <!-- runTest -->
  <testcase classname="TestCases.TC59_CloseTheSavingsAccountWhichIsCreated" name="runTest" time="61.999">
    <failure type="java.lang.AssertionError" message="❌ Assertion Failure: Test failed: ID capture failed: Expected condition failed: waiting for visibility of element located by By.xpath: //td[contains(translate(text(),&amp;apos;ABCDEFGHIJKLMNOPQRSTUVWXYZ&amp;apos;,&amp;apos;abcdefghijklmnopqrstuvwxyz&amp;apos;),&amp;apos;successfully&amp;apos;)] (tried for 10 second(s) with 500 milliseconds interval)
Build info: version: &amp;apos;4.38.0&amp;apos;, revision: &amp;apos;6b412e825c*&amp;apos;
System info: os.name: &amp;apos;Windows 11&amp;apos;, os.arch: &amp;apos;amd64&amp;apos;, os.version: &amp;apos;10.0&amp;apos;, java.version: &amp;apos;17.0.12&amp;apos;
Driver info: org.openqa.selenium.edge.EdgeDriver
Capabilities {acceptInsecureCerts: false, browserName: MicrosoftEdge, browserVersion: 145.0.3800.97, fedcm:accounts: true, goog:processID: 25344, ms:edgeOptions: {debuggerAddress: localhost:65233}, msedge: {msedgedriverVersion: 145.0.3800.97 (f4c49d5241f1..., userDataDir: C:\Users\chris\AppData\Loca...}, networkConnectionEnabled: false, pageLoadStrategy: normal, platformName: windows, proxy: Proxy(), se:cdp: ws://localhost:65233/devtoo..., se:cdpVersion: 145.0.3800.97, setWindowRect: true, strictFileInteractability: false, timeouts: {implicit: 0, pageLoad: 300000, script: 30000}, unhandledPromptBehavior: dismiss and notify, webauthn:extension:credBlob: true, webauthn:extension:largeBlob: true, webauthn:extension:minPinLength: true, webauthn:extension:prf: true, webauthn:virtualAuthenticators: true}
Session ID: f95b4b577feeb6b0a58bb31f71b8b04e">
      <![CDATA[java.lang.AssertionError: ❌ Assertion Failure: Test failed: ID capture failed: Expected condition failed: waiting for visibility of element located by By.xpath: //td[contains(translate(text(),'ABCDEFGHIJKLMNOPQRSTUVWXYZ','abcdefghijklmnopqrstuvwxyz'),'successfully')] (tried for 10 second(s) with 500 milliseconds interval)
Build info: version: '4.38.0', revision: '6b412e825c*'
System info: os.name: 'Windows 11', os.arch: 'amd64', os.version: '10.0', java.version: '17.0.12'
Driver info: org.openqa.selenium.edge.EdgeDriver
Capabilities {acceptInsecureCerts: false, browserName: MicrosoftEdge, browserVersion: 145.0.3800.97, fedcm:accounts: true, goog:processID: 25344, ms:edgeOptions: {debuggerAddress: localhost:65233}, msedge: {msedgedriverVersion: 145.0.3800.97 (f4c49d5241f1..., userDataDir: C:\Users\chris\AppData\Loca...}, networkConnectionEnabled: false, pageLoadStrategy: normal, platformName: windows, proxy: Proxy(), se:cdp: ws://localhost:65233/devtoo..., se:cdpVersion: 145.0.3800.97, setWindowRect: true, strictFileInteractability: false, timeouts: {implicit: 0, pageLoad: 300000, script: 30000}, unhandledPromptBehavior: dismiss and notify, webauthn:extension:credBlob: true, webauthn:extension:largeBlob: true, webauthn:extension:minPinLength: true, webauthn:extension:prf: true, webauthn:virtualAuthenticators: true}
Session ID: f95b4b577feeb6b0a58bb31f71b8b04e
at TestCases.TC59_CloseTheSavingsAccountWhichIsCreated.runTest(TC59_CloseTheSavingsAccountWhichIsCreated.java:88)
at java.base/java.util.ArrayList.forEach(ArrayList.java:1511)
... Removed 28 stack frames]]>
    </failure>
  </testcase> <!-- runTest -->
  <testcase classname="TestCases.TC60_ClosetheCreatedODAccount" name="runTest" time="134.049"/>
  <testcase classname="TestCases.TC61_CloseTheCreatedCashCreditAccount" name="runTest" time="111.356"/>
  <testcase classname="TestCases.TC62_CloseTheCreatedCurrentAccount" name="runTest" time="70.714">
    <failure type="java.lang.AssertionError" message="❌ Exception Occurred: Unable to find element with locator By.id: chkbalTransferFlg
For documentation on this error, please visit: https://www.selenium.dev/documentation/webdriver/troubleshooting/errors#nosuchelementexception
Build info: version: &amp;apos;4.38.0&amp;apos;, revision: &amp;apos;6b412e825c*&amp;apos;
System info: os.name: &amp;apos;Windows 11&amp;apos;, os.arch: &amp;apos;amd64&amp;apos;, os.version: &amp;apos;10.0&amp;apos;, java.version: &amp;apos;17.0.12&amp;apos;
Driver info: driver.version: RemoteWebDriver">
      <![CDATA[java.lang.AssertionError: ❌ Exception Occurred: Unable to find element with locator By.id: chkbalTransferFlg
For documentation on this error, please visit: https://www.selenium.dev/documentation/webdriver/troubleshooting/errors#nosuchelementexception
Build info: version: '4.38.0', revision: '6b412e825c*'
System info: os.name: 'Windows 11', os.arch: 'amd64', os.version: '10.0', java.version: '17.0.12'
Driver info: driver.version: RemoteWebDriver
at TestCases.TC62_CloseTheCreatedCurrentAccount.runTest(TC62_CloseTheCreatedCurrentAccount.java:94)
at java.base/java.util.ArrayList.forEach(ArrayList.java:1511)
... Removed 28 stack frames]]>
    </failure>
  </testcase> <!-- runTest -->
</testsuite> <!-- FuntionalityTest -->
