<?xml version="1.0" encoding="UTF-8"?>
<!-- Generated by org.testng.reporters.JUnitXMLReporter -->
<testsuite ignored="0" hostname="ChristinaJenifer-personal-80499" failures="1" tests="2" name="Test" time="61.616" errors="0" timestamp="2026-02-03T10:34:40 IST">
  <testcase classname="TestCases.TC64_InquireTheInwardBill" name="runTest" time="19.981"/>
  <testcase classname="TestCases.TC65_ProtestTheInwardBillWhichIsDishonoured" name="runTest" time="38.165">
    <failure type="java.lang.AssertionError" message="Maker Action failed: C22 - The previous process is not yet verified.">
      <![CDATA[java.lang.AssertionError: Maker Action failed: C22 - The previous process is not yet verified.
at TestCases.TC65_ProtestTheInwardBillWhichIsDishonoured.runTest(TC65_ProtestTheInwardBillWhichIsDishonoured.java:55)
at java.base/java.util.ArrayList.forEach(ArrayList.java:1511)
... Removed 28 stack frames]]>
    </failure>
  </testcase> <!-- runTest -->
</testsuite> <!-- Test -->
