<?xml version="1.0" encoding="UTF-8"?>
<!-- Generated by org.testng.reporters.JUnitReportReporter -->
<testsuite hostname="ChristinaJenifer-personal-80499" failures="0" tests="1" name="TestCases.TC17_UnfreezeTheAccountWhichIsCreditFreezed" time="146.079" errors="0" timestamp="2026-03-13T17:17:21 IST" skipped="0">
  <testcase classname="TestCases.TC17_UnfreezeTheAccountWhichIsCreditFreezed" name="runTest" time="146.079"/>
</testsuite> <!-- TestCases.TC17_UnfreezeTheAccountWhichIsCreditFreezed -->
