<?xml version="1.0" encoding="UTF-8"?>
<!-- Generated by org.testng.reporters.JUnitReportReporter -->
<testsuite hostname="ChristinaJenifer-personal-80499" failures="0" tests="1" name="TestCases.TC07_IssuingCheckbookFortheCreatedSavingsAccountAndVerifying" time="200.978" errors="0" timestamp="2026-03-13T17:17:21 IST" skipped="0">
  <testcase classname="TestCases.TC07_IssuingCheckbookFortheCreatedSavingsAccountAndVerifying" name="runTest" time="200.978"/>
</testsuite> <!-- TestCases.TC07_IssuingCheckbookFortheCreatedSavingsAccountAndVerifying -->
