<?xml version="1.0" encoding="UTF-8"?>
<!-- Generated by org.testng.reporters.JUnitReportReporter -->
<testsuite hostname="ChristinaJenifer-personal-80499" failures="0" tests="1" name="TestCases.TC12_AddingTotalFreezefortheCreatedSavingsAccount" time="54.305" errors="0" timestamp="2026-02-26T11:12:02 IST" skipped="0">
  <testcase classname="TestCases.TC12_AddingTotalFreezefortheCreatedSavingsAccount" name="runTest" time="54.305"/>
</testsuite> <!-- TestCases.TC12_AddingTotalFreezefortheCreatedSavingsAccount -->
