<?xml version="1.0" encoding="UTF-8"?>
<!-- Generated by org.testng.reporters.JUnitReportReporter -->
<testsuite hostname="ChristinaJenifer-personal-80499" failures="0" tests="1" name="CASATestcases.TC02_ModifyingTheCreatedSavingsAccountAndVerifiy" time="93.941" errors="0" timestamp="2026-02-24T11:20:44 IST" skipped="0">
  <testcase classname="CASATestcases.TC02_ModifyingTheCreatedSavingsAccountAndVerifiy" name="runTest" time="93.941"/>
</testsuite> <!-- CASATestcases.TC02_ModifyingTheCreatedSavingsAccountAndVerifiy -->
