<?xml version="1.0" encoding="UTF-8"?>
<!-- Generated by org.testng.reporters.JUnitReportReporter -->
<testsuite hostname="ChristinaJenifer-personal-80499" failures="0" tests="1" name="TestCases.TC42_DoingCashDepositToTheExistedSavingsAccountUsingCrossCCYReceiptImplicit" time="39.864" errors="0" timestamp="2026-03-12T10:25:36 IST" skipped="0">
  <testcase classname="TestCases.TC42_DoingCashDepositToTheExistedSavingsAccountUsingCrossCCYReceiptImplicit" name="runTest" time="39.864"/>
</testsuite> <!-- TestCases.TC42_DoingCashDepositToTheExistedSavingsAccountUsingCrossCCYReceiptImplicit -->
