<?xml version="1.0" encoding="UTF-8"?>
<!-- Generated by org.testng.reporters.JUnitReportReporter -->
<testsuite hostname="christina" failures="0" tests="1" name="DDMainaintenceTestcases.TC02_AddingAndCancellingDDStatusMaintanence" time="33.524" errors="0" timestamp="2026-01-04T11:11:23 IST" skipped="0">
  <testcase classname="DDMainaintenceTestcases.TC02_AddingAndCancellingDDStatusMaintanence" name="runTest" time="33.524"/>
</testsuite> <!-- DDMainaintenceTestcases.TC02_AddingAndCancellingDDStatusMaintanence -->
