<?xml version="1.0" encoding="UTF-8"?>
<!-- Generated by org.testng.reporters.JUnitReportReporter -->
<testsuite hostname="christina" failures="0" tests="1" name="DDMainaintenceTestcases.TC03_AddingAndVerifyDDStatusMaintanence" time="38.655" errors="0" timestamp="2026-01-04T11:28:18 IST" skipped="0">
  <testcase classname="DDMainaintenceTestcases.TC03_AddingAndVerifyDDStatusMaintanence" name="runTest" time="38.655"/>
</testsuite> <!-- DDMainaintenceTestcases.TC03_AddingAndVerifyDDStatusMaintanence -->
