<?xml version="1.0" encoding="UTF-8"?>
<!-- Generated by org.testng.reporters.JUnitReportReporter -->
<testsuite hostname="christina" failures="0" tests="1" name="DDTestCases.TC03_CancellingTheMaintainceWhichIsAddedandNotVerified" time="36.118" errors="0" timestamp="2026-01-08T14:26:19 IST" skipped="0">
  <testcase classname="DDTestCases.TC03_CancellingTheMaintainceWhichIsAddedandNotVerified" name="runTest" time="36.118"/>
</testsuite> <!-- DDTestCases.TC03_CancellingTheMaintainceWhichIsAddedandNotVerified -->
