<?xml version="1.0" encoding="UTF-8"?>
<!-- Generated by org.testng.reporters.JUnitReportReporter -->
<testsuite hostname="ChristinaJenifer-personal-80499" failures="0" tests="1" name="TestCases.TC23_InquireTheTransactionAsCashNormalPayment" time="46.857" errors="0" timestamp="2026-03-12T18:59:37 IST" skipped="0">
  <testcase classname="TestCases.TC23_InquireTheTransactionAsCashNormalPayment" name="runTest" time="46.857"/>
</testsuite> <!-- TestCases.TC23_InquireTheTransactionAsCashNormalPayment -->
