<?xml version="1.0" encoding="UTF-8"?>
<!-- Generated by org.testng.reporters.JUnitReportReporter -->
<testsuite hostname="christina" failures="0" tests="1" name="CASATestcases.TC37_ModifyingThePostedTransactionAsCashNormalPAyment" time="50.036" errors="0" timestamp="2025-12-22T10:53:26 IST" skipped="0">
  <testcase classname="CASATestcases.TC37_ModifyingThePostedTransactionAsCashNormalPAyment" name="runTest" time="50.036"/>
</testsuite> <!-- CASATestcases.TC37_ModifyingThePostedTransactionAsCashNormalPAyment -->
