<?xml version="1.0" encoding="UTF-8"?>
<!-- Generated by org.testng.reporters.JUnitReportReporter -->
<testsuite hostname="christina" failures="0" tests="1" name="CASATestcases.TC44_DeletedTheInquiredTransactionAsCashNormalReceipt" time="47.021" errors="0" timestamp="2025-12-22T10:53:26 IST" skipped="0">
  <testcase classname="CASATestcases.TC44_DeletedTheInquiredTransactionAsCashNormalReceipt" name="runTest" time="47.021"/>
</testsuite> <!-- CASATestcases.TC44_DeletedTheInquiredTransactionAsCashNormalReceipt -->
