<?xml version="1.0" encoding="UTF-8"?>
<!-- Generated by org.testng.reporters.JUnitReportReporter -->
<testsuite hostname="christina" failures="0" tests="1" name="DDMainaintenceTestcases.TC13_ModifyTermDepositStandingInstructionsEntryforExistingAccount" time="56.245" errors="0" timestamp="2026-01-04T11:05:44 IST" skipped="0">
  <testcase classname="DDMainaintenceTestcases.TC13_ModifyTermDepositStandingInstructionsEntryforExistingAccount" name="runTest" time="56.245"/>
</testsuite> <!-- DDMainaintenceTestcases.TC13_ModifyTermDepositStandingInstructionsEntryforExistingAccount -->
