<?xml version="1.0" encoding="UTF-8"?>
<!-- Generated by org.testng.reporters.JUnitReportReporter -->
<testsuite hostname="christina" failures="0" tests="1" name="TermDepositTestCases.TC03_TDValidationforPartialClosureForMaturedAccount" time="57.577" errors="0" timestamp="2026-01-08T10:50:35 IST" skipped="0">
  <testcase classname="TermDepositTestCases.TC03_TDValidationforPartialClosureForMaturedAccount" name="runTest" time="57.577"/>
</testsuite> <!-- TermDepositTestCases.TC03_TDValidationforPartialClosureForMaturedAccount -->
