<?xml version="1.0" encoding="UTF-8"?>
<!-- Generated by org.testng.reporters.JUnitReportReporter -->
<testsuite hostname="ChristinaJenifer-personal-80499" failures="0" tests="1" name="TestCases.TC03_CreatingOverdraftAccountAndVerifyingit" time="155.067" errors="0" timestamp="2026-03-12T18:59:37 IST" skipped="0">
  <testcase classname="TestCases.TC03_CreatingOverdraftAccountAndVerifyingit" name="runTest" time="155.067"/>
</testsuite> <!-- TestCases.TC03_CreatingOverdraftAccountAndVerifyingit -->
