<?xml version="1.0" encoding="UTF-8"?>
<!-- Generated by org.testng.reporters.JUnitReportReporter -->
<testsuite hostname="christina" failures="0" tests="1" name="MEOBTestCases.TC10_ProtestTheBillWhichIsInquired" time="30.137" errors="0" timestamp="2026-01-04T13:05:33 IST" skipped="0">
  <testcase classname="MEOBTestCases.TC10_ProtestTheBillWhichIsInquired" name="runTest" time="30.137">
    <system-out>
      <![CDATA[✅ Testcase VERIFIED: Protest action checked. System did not return E4221 in this run. Protest is either allowed or already handled.
✅ Logout performed successfully at end.]]>
    </system-out>
  </testcase> <!-- runTest -->
  <system-out>
    <![CDATA[✅ Testcase VERIFIED: Protest action checked. System did not return E4221 in this run. Protest is either allowed or already handled.
✅ Logout performed successfully at end.]]>
  </system-out>
</testsuite> <!-- MEOBTestCases.TC10_ProtestTheBillWhichIsInquired -->
