<?xml version="1.0" encoding="UTF-8"?>
<!-- Generated by org.testng.reporters.JUnitReportReporter -->
<testsuite hostname="christina" failures="0" tests="1" name="CASATestcases.TC42_ModifyingThePostedTransactionAsCashNormalReceipt" time="49.750" errors="0" timestamp="2025-12-22T10:53:26 IST" skipped="0">
  <testcase classname="CASATestcases.TC42_ModifyingThePostedTransactionAsCashNormalReceipt" name="runTest" time="49.750"/>
</testsuite> <!-- CASATestcases.TC42_ModifyingThePostedTransactionAsCashNormalReceipt -->
