<?xml version="1.0" encoding="UTF-8"?>
<!-- Generated by org.testng.reporters.JUnitReportReporter -->
<testsuite hostname="ChristinaJenifer-personal-80499" failures="0" tests="1" name="TermDepositTestCases.TC08_DoCashDepositToDepositAccountWhichCreated" time="112.649" errors="0" timestamp="2026-02-05T12:58:27 IST" skipped="0">
  <testcase classname="TermDepositTestCases.TC08_DoCashDepositToDepositAccountWhichCreated" name="runTest" time="112.649"/>
</testsuite> <!-- TermDepositTestCases.TC08_DoCashDepositToDepositAccountWhichCreated -->
