<?xml version="1.0" encoding="UTF-8"?>
<!-- Generated by org.testng.reporters.JUnitReportReporter -->
<testsuite hostname="christina" failures="0" tests="1" name="DDTestCases.TC01_ModifyTermDepositStandingInstructionsEntryforExistingAccount" time="37.735" errors="0" timestamp="2026-01-08T14:26:19 IST" skipped="0">
  <testcase classname="DDTestCases.TC01_ModifyTermDepositStandingInstructionsEntryforExistingAccount" name="runTest" time="37.735"/>
</testsuite> <!-- DDTestCases.TC01_ModifyTermDepositStandingInstructionsEntryforExistingAccount -->
