<?xml version="1.0" encoding="UTF-8"?>
<!-- Generated by org.testng.reporters.JUnitReportReporter -->
<testsuite hostname="christina" failures="0" tests="1" name="CASATestcases.TC43_InquireTheModifiedTransactionAsCashNormalReceipt" time="46.375" errors="0" timestamp="2025-12-22T10:53:26 IST" skipped="0">
  <testcase classname="CASATestcases.TC43_InquireTheModifiedTransactionAsCashNormalReceipt" name="runTest" time="46.375"/>
</testsuite> <!-- CASATestcases.TC43_InquireTheModifiedTransactionAsCashNormalReceipt -->
