<?xml version="1.0" encoding="UTF-8"?>
<!-- Generated by org.testng.reporters.JUnitReportReporter -->
<testsuite hostname="ChristinaJenifer-personal-80499" failures="0" tests="1" name="TestCases.TC65_ProtestTheInwardBillWhichIsDishonoured" time="101.375" errors="0" timestamp="2026-02-07T11:11:48 IST" skipped="0">
  <testcase classname="TestCases.TC65_ProtestTheInwardBillWhichIsDishonoured" name="runTest" time="101.375"/>
</testsuite> <!-- TestCases.TC65_ProtestTheInwardBillWhichIsDishonoured -->
