<?xml version="1.0" encoding="UTF-8"?>
<!-- Generated by org.testng.reporters.JUnitReportReporter -->
<testsuite hostname="christina" failures="0" tests="1" name="InwardGuarenteeTestCases.TC07_IWG_IssueGuaranteeForCloseUsingCorporateCifId" time="146.269" errors="0" timestamp="2026-01-17T13:45:56 IST" skipped="0">
  <testcase classname="InwardGuarenteeTestCases.TC07_IWG_IssueGuaranteeForCloseUsingCorporateCifId" name="runTest" time="146.269"/>
  <system-out>
    <![CDATA[✅ Testcase VERIFIED: Delink action completed successfully or system did not return E3494 in this run.
✅ Logout performed successfully at end.
✅ Testcase VERIFIED: Protest action checked. System did not return E4221 in this run. Protest is either allowed or already handled.
✅ Logout performed successfully at end.]]>
  </system-out>
</testsuite> <!-- InwardGuarenteeTestCases.TC07_IWG_IssueGuaranteeForCloseUsingCorporateCifId -->
