-------------------------------------------------------------------------------
Test set: TestSuite
-------------------------------------------------------------------------------
Tests run: 9, Failures: 6, Errors: 0, Skipped: 2, Time elapsed: 132.8 s <<< FAILURE! -- in TestSuite
TestCases.TC61_CanceltheModifiedInwardBill.runTest -- Time elapsed: 25.89 s <<< FAILURE!
java.lang.AssertionError: 
❌ Exception Occurred: unexpected alert open: {Alert text : Could not get a token for application.Fininfra}
  (Session info: MicrosoftEdge=145.0.3800.97): Could not get a token for application.Fininfra
Build info: version: '4.38.0', revision: '6b412e825c*'
System info: os.name: 'Windows 11', os.arch: 'amd64', os.version: '10.0', java.version: '17.0.12'
Driver info: org.openqa.selenium.edge.EdgeDriver
Command: [9413abfc014089342962ddda1795fa4a, getPageSource {}]
Capabilities {acceptInsecureCerts: false, browserName: MicrosoftEdge, browserVersion: 145.0.3800.97, fedcm:accounts: true, goog:processID: 1932, ms:edgeOptions: {debuggerAddress: localhost:51601}, msedge: {msedgedriverVersion: 145.0.3800.97 (f4c49d5241f1..., userDataDir: C:\Users\chris\AppData\Loca...}, networkConnectionEnabled: false, pageLoadStrategy: normal, platformName: windows, proxy: Proxy(), se:cdp: ws://localhost:51601/devtoo..., se:cdpVersion: 145.0.3800.97, setWindowRect: true, strictFileInteractability: false, timeouts: {implicit: 0, pageLoad: 300000, script: 30000}, unhandledPromptBehavior: dismiss and notify, webauthn:extension:credBlob: true, webauthn:extension:largeBlob: true, webauthn:extension:minPinLength: true, webauthn:extension:prf: true, webauthn:virtualAuthenticators: true}
Session ID: 9413abfc014089342962ddda1795fa4a
	at org.testng.Assert.fail(Assert.java:111)
	at TestCases.TC61_CanceltheModifiedInwardBill.runTest(TC61_CanceltheModifiedInwardBill.java:129)
	at java.base/jdk.internal.reflect.NativeMethodAccessorImpl.invoke0(Native Method)
	at java.base/jdk.internal.reflect.NativeMethodAccessorImpl.invoke(NativeMethodAccessorImpl.java:77)
	at java.base/jdk.internal.reflect.DelegatingMethodAccessorImpl.invoke(DelegatingMethodAccessorImpl.java:43)
	at java.base/java.lang.reflect.Method.invoke(Method.java:568)
	at org.testng.internal.invokers.MethodInvocationHelper.invokeMethod(MethodInvocationHelper.java:141)
	at org.testng.internal.invokers.TestInvoker.invokeMethod(TestInvoker.java:687)
	at org.testng.internal.invokers.TestInvoker.invokeTestMethod(TestInvoker.java:230)
	at org.testng.internal.invokers.MethodRunner.runInSequence(MethodRunner.java:63)
	at org.testng.internal.invokers.TestInvoker$MethodInvocationAgent.invoke(TestInvoker.java:995)
	at org.testng.internal.invokers.TestInvoker.invokeTestMethods(TestInvoker.java:203)
	at org.testng.internal.invokers.TestMethodWorker.invokeTestMethods(TestMethodWorker.java:154)
	at org.testng.internal.invokers.TestMethodWorker.run(TestMethodWorker.java:134)
	at java.base/java.util.concurrent.Executors$RunnableAdapter.call(Executors.java:539)
	at java.base/java.util.concurrent.FutureTask.run(FutureTask.java:264)
	at org.testng.internal.thread.graph.TestNGFutureTask.run(TestNGFutureTask.java:22)
	at java.base/java.util.concurrent.ThreadPoolExecutor.runWorker(ThreadPoolExecutor.java:1136)
	at java.base/java.util.concurrent.ThreadPoolExecutor$Worker.run(ThreadPoolExecutor.java:635)
	at java.base/java.lang.Thread.run(Thread.java:842)

TestCases.TC59_InwardLodgeBill.runTest -- Time elapsed: 30.62 s <<< FAILURE!
java.lang.AssertionError: ❌ Assertion Failure: Finacle Login Error: User is already logged in.
	at org.testng.Assert.fail(Assert.java:111)
	at TestCases.TC59_InwardLodgeBill.runTest(TC59_InwardLodgeBill.java:85)
	at java.base/jdk.internal.reflect.NativeMethodAccessorImpl.invoke0(Native Method)
	at java.base/jdk.internal.reflect.NativeMethodAccessorImpl.invoke(NativeMethodAccessorImpl.java:77)
	at java.base/jdk.internal.reflect.DelegatingMethodAccessorImpl.invoke(DelegatingMethodAccessorImpl.java:43)
	at java.base/java.lang.reflect.Method.invoke(Method.java:568)
	at org.testng.internal.invokers.MethodInvocationHelper.invokeMethod(MethodInvocationHelper.java:141)
	at org.testng.internal.invokers.TestInvoker.invokeMethod(TestInvoker.java:687)
	at org.testng.internal.invokers.TestInvoker.invokeTestMethod(TestInvoker.java:230)
	at org.testng.internal.invokers.MethodRunner.runInSequence(MethodRunner.java:63)
	at org.testng.internal.invokers.TestInvoker$MethodInvocationAgent.invoke(TestInvoker.java:995)
	at org.testng.internal.invokers.TestInvoker.invokeTestMethods(TestInvoker.java:203)
	at org.testng.internal.invokers.TestMethodWorker.invokeTestMethods(TestMethodWorker.java:154)
	at org.testng.internal.invokers.TestMethodWorker.run(TestMethodWorker.java:134)
	at java.base/java.util.concurrent.Executors$RunnableAdapter.call(Executors.java:539)
	at java.base/java.util.concurrent.FutureTask.run(FutureTask.java:264)
	at org.testng.internal.thread.graph.TestNGFutureTask.run(TestNGFutureTask.java:22)
	at java.base/java.util.concurrent.ThreadPoolExecutor.runWorker(ThreadPoolExecutor.java:1136)
	at java.base/java.util.concurrent.ThreadPoolExecutor$Worker.run(ThreadPoolExecutor.java:635)
	at java.base/java.lang.Thread.run(Thread.java:842)

TestCases.TC62_AmendTheInwardBillWhichIsLodge.runTest -- Time elapsed: 27.12 s <<< FAILURE!
java.lang.AssertionError: ❌ Assertion Failure: Finacle Login Error: User is already logged in.
	at org.testng.Assert.fail(Assert.java:111)
	at TestCases.TC62_AmendTheInwardBillWhichIsLodge.runTest(TC62_AmendTheInwardBillWhichIsLodge.java:97)
	at java.base/jdk.internal.reflect.NativeMethodAccessorImpl.invoke0(Native Method)
	at java.base/jdk.internal.reflect.NativeMethodAccessorImpl.invoke(NativeMethodAccessorImpl.java:77)
	at java.base/jdk.internal.reflect.DelegatingMethodAccessorImpl.invoke(DelegatingMethodAccessorImpl.java:43)
	at java.base/java.lang.reflect.Method.invoke(Method.java:568)
	at org.testng.internal.invokers.MethodInvocationHelper.invokeMethod(MethodInvocationHelper.java:141)
	at org.testng.internal.invokers.TestInvoker.invokeMethod(TestInvoker.java:687)
	at org.testng.internal.invokers.TestInvoker.invokeTestMethod(TestInvoker.java:230)
	at org.testng.internal.invokers.MethodRunner.runInSequence(MethodRunner.java:63)
	at org.testng.internal.invokers.TestInvoker$MethodInvocationAgent.invoke(TestInvoker.java:995)
	at org.testng.internal.invokers.TestInvoker.invokeTestMethods(TestInvoker.java:203)
	at org.testng.internal.invokers.TestMethodWorker.invokeTestMethods(TestMethodWorker.java:154)
	at org.testng.internal.invokers.TestMethodWorker.run(TestMethodWorker.java:134)
	at java.base/java.util.concurrent.Executors$RunnableAdapter.call(Executors.java:539)
	at java.base/java.util.concurrent.FutureTask.run(FutureTask.java:264)
	at org.testng.internal.thread.graph.TestNGFutureTask.run(TestNGFutureTask.java:22)
	at java.base/java.util.concurrent.ThreadPoolExecutor.runWorker(ThreadPoolExecutor.java:1136)
	at java.base/java.util.concurrent.ThreadPoolExecutor$Worker.run(ThreadPoolExecutor.java:635)
	at java.base/java.lang.Thread.run(Thread.java:842)

TestCases.TC64_InquireTheInwardBill.setup -- Time elapsed: 27.31 s <<< FAILURE!
java.io.IOException: Truncated ZIP file
	at org.apache.commons.compress.archivers.zip.ZipArchiveInputStream.readDeflated(ZipArchiveInputStream.java:1007)
	at org.apache.commons.compress.archivers.zip.ZipArchiveInputStream.read(ZipArchiveInputStream.java:929)
	at java.base/java.io.FilterInputStream.read(FilterInputStream.java:132)
	at org.apache.poi.openxml4j.util.ZipArchiveThresholdInputStream.read(ZipArchiveThresholdInputStream.java:78)
	at org.apache.poi.util.IOUtils.toByteArray(IOUtils.java:245)
	at org.apache.poi.util.IOUtils.toByteArrayWithMaxLength(IOUtils.java:225)
	at org.apache.poi.openxml4j.util.ZipArchiveFakeEntry.<init>(ZipArchiveFakeEntry.java:82)
	at org.apache.poi.openxml4j.util.ZipInputStreamZipEntrySource.<init>(ZipInputStreamZipEntrySource.java:114)
	at org.apache.poi.openxml4j.opc.ZipPackage.<init>(ZipPackage.java:157)
	at org.apache.poi.openxml4j.opc.OPCPackage.open(OPCPackage.java:363)
	at org.apache.poi.ooxml.util.PackageHelper.open(PackageHelper.java:67)
	at org.apache.poi.xssf.usermodel.XSSFWorkbook.<init>(XSSFWorkbook.java:315)
	at org.apache.poi.xssf.usermodel.XSSFWorkbook.<init>(XSSFWorkbook.java:289)
	at Utilities.ExcelUtils.loadExcel(ExcelUtils.java:406)
	at TestCases.TC64_InquireTheInwardBill.setup(TC64_InquireTheInwardBill.java:31)
	at java.base/jdk.internal.reflect.NativeMethodAccessorImpl.invoke0(Native Method)
	at java.base/jdk.internal.reflect.NativeMethodAccessorImpl.invoke(NativeMethodAccessorImpl.java:77)
	at java.base/jdk.internal.reflect.DelegatingMethodAccessorImpl.invoke(DelegatingMethodAccessorImpl.java:43)
	at java.base/java.lang.reflect.Method.invoke(Method.java:568)
	at org.testng.internal.invokers.MethodInvocationHelper.invokeMethod(MethodInvocationHelper.java:141)
	at org.testng.internal.invokers.MethodInvocationHelper.invokeMethodConsideringTimeout(MethodInvocationHelper.java:71)
	at org.testng.internal.invokers.ConfigInvoker.invokeConfigurationMethod(ConfigInvoker.java:400)
	at org.testng.internal.invokers.ConfigInvoker.invokeConfigurations(ConfigInvoker.java:333)
	at org.testng.internal.invokers.TestMethodWorker.invokeBeforeClassMethods(TestMethodWorker.java:188)
	at org.testng.internal.invokers.TestMethodWorker.run(TestMethodWorker.java:128)
	at java.base/java.util.concurrent.Executors$RunnableAdapter.call(Executors.java:539)
	at java.base/java.util.concurrent.FutureTask.run(FutureTask.java:264)
	at org.testng.internal.thread.graph.TestNGFutureTask.run(TestNGFutureTask.java:22)
	at java.base/java.util.concurrent.ThreadPoolExecutor.runWorker(ThreadPoolExecutor.java:1136)
	at java.base/java.util.concurrent.ThreadPoolExecutor$Worker.run(ThreadPoolExecutor.java:635)
	at java.base/java.lang.Thread.run(Thread.java:842)

TestCases.TC65_ProtestTheInwardBillWhichIsDishonoured.setup -- Time elapsed: 0.037 s <<< FAILURE!
java.io.IOException: Truncated ZIP file
	at org.apache.commons.compress.archivers.zip.ZipArchiveInputStream.readDeflated(ZipArchiveInputStream.java:1007)
	at org.apache.commons.compress.archivers.zip.ZipArchiveInputStream.read(ZipArchiveInputStream.java:929)
	at java.base/java.io.FilterInputStream.read(FilterInputStream.java:132)
	at org.apache.poi.openxml4j.util.ZipArchiveThresholdInputStream.read(ZipArchiveThresholdInputStream.java:78)
	at org.apache.poi.util.IOUtils.toByteArray(IOUtils.java:245)
	at org.apache.poi.util.IOUtils.toByteArrayWithMaxLength(IOUtils.java:225)
	at org.apache.poi.openxml4j.util.ZipArchiveFakeEntry.<init>(ZipArchiveFakeEntry.java:82)
	at org.apache.poi.openxml4j.util.ZipInputStreamZipEntrySource.<init>(ZipInputStreamZipEntrySource.java:114)
	at org.apache.poi.openxml4j.opc.ZipPackage.<init>(ZipPackage.java:157)
	at org.apache.poi.openxml4j.opc.OPCPackage.open(OPCPackage.java:363)
	at org.apache.poi.ooxml.util.PackageHelper.open(PackageHelper.java:67)
	at org.apache.poi.xssf.usermodel.XSSFWorkbook.<init>(XSSFWorkbook.java:315)
	at org.apache.poi.xssf.usermodel.XSSFWorkbook.<init>(XSSFWorkbook.java:289)
	at Utilities.ExcelUtils.loadExcel(ExcelUtils.java:406)
	at TestCases.TC65_ProtestTheInwardBillWhichIsDishonoured.setup(TC65_ProtestTheInwardBillWhichIsDishonoured.java:29)
	at java.base/jdk.internal.reflect.NativeMethodAccessorImpl.invoke0(Native Method)
	at java.base/jdk.internal.reflect.NativeMethodAccessorImpl.invoke(NativeMethodAccessorImpl.java:77)
	at java.base/jdk.internal.reflect.DelegatingMethodAccessorImpl.invoke(DelegatingMethodAccessorImpl.java:43)
	at java.base/java.lang.reflect.Method.invoke(Method.java:568)
	at org.testng.internal.invokers.MethodInvocationHelper.invokeMethod(MethodInvocationHelper.java:141)
	at org.testng.internal.invokers.MethodInvocationHelper.invokeMethodConsideringTimeout(MethodInvocationHelper.java:71)
	at org.testng.internal.invokers.ConfigInvoker.invokeConfigurationMethod(ConfigInvoker.java:400)
	at org.testng.internal.invokers.ConfigInvoker.invokeConfigurations(ConfigInvoker.java:333)
	at org.testng.internal.invokers.TestMethodWorker.invokeBeforeClassMethods(TestMethodWorker.java:188)
	at org.testng.internal.invokers.TestMethodWorker.run(TestMethodWorker.java:128)
	at java.base/java.util.concurrent.Executors$RunnableAdapter.call(Executors.java:539)
	at java.base/java.util.concurrent.FutureTask.run(FutureTask.java:264)
	at org.testng.internal.thread.graph.TestNGFutureTask.run(TestNGFutureTask.java:22)
	at java.base/java.util.concurrent.ThreadPoolExecutor.runWorker(ThreadPoolExecutor.java:1136)
	at java.base/java.util.concurrent.ThreadPoolExecutor$Worker.run(ThreadPoolExecutor.java:635)
	at java.base/java.lang.Thread.run(Thread.java:842)

TestCases.TC63_DishonorOfInwardBillWhichIsAmended.runTest -- Time elapsed: 31.32 s <<< FAILURE!
java.lang.AssertionError: ❌ Assertion Failure: Finacle Login Error: User is already logged in.
	at org.testng.Assert.fail(Assert.java:111)
	at TestCases.TC63_DishonorOfInwardBillWhichIsAmended.runTest(TC63_DishonorOfInwardBillWhichIsAmended.java:94)
	at java.base/jdk.internal.reflect.NativeMethodAccessorImpl.invoke0(Native Method)
	at java.base/jdk.internal.reflect.NativeMethodAccessorImpl.invoke(NativeMethodAccessorImpl.java:77)
	at java.base/jdk.internal.reflect.DelegatingMethodAccessorImpl.invoke(DelegatingMethodAccessorImpl.java:43)
	at java.base/java.lang.reflect.Method.invoke(Method.java:568)
	at org.testng.internal.invokers.MethodInvocationHelper.invokeMethod(MethodInvocationHelper.java:141)
	at org.testng.internal.invokers.TestInvoker.invokeMethod(TestInvoker.java:687)
	at org.testng.internal.invokers.TestInvoker.invokeTestMethod(TestInvoker.java:230)
	at org.testng.internal.invokers.MethodRunner.runInSequence(MethodRunner.java:63)
	at org.testng.internal.invokers.TestInvoker$MethodInvocationAgent.invoke(TestInvoker.java:995)
	at org.testng.internal.invokers.TestInvoker.invokeTestMethods(TestInvoker.java:203)
	at org.testng.internal.invokers.TestMethodWorker.invokeTestMethods(TestMethodWorker.java:154)
	at org.testng.internal.invokers.TestMethodWorker.run(TestMethodWorker.java:134)
	at java.base/java.util.concurrent.Executors$RunnableAdapter.call(Executors.java:539)
	at java.base/java.util.concurrent.FutureTask.run(FutureTask.java:264)
	at org.testng.internal.thread.graph.TestNGFutureTask.run(TestNGFutureTask.java:22)
	at java.base/java.util.concurrent.ThreadPoolExecutor.runWorker(ThreadPoolExecutor.java:1136)
	at java.base/java.util.concurrent.ThreadPoolExecutor$Worker.run(ThreadPoolExecutor.java:635)
	at java.base/java.lang.Thread.run(Thread.java:842)

