<?xml version="1.0" encoding="UTF-8"?>
<!-- Generated by org.testng.reporters.JUnitReportReporter -->
<testsuite hostname="christina" failures="0" tests="1" name="MIIBTestcases.TC01_InwardLodgeBill" time="120.263" errors="0" timestamp="2026-01-17T13:45:56 IST" skipped="0">
  <testcase classname="MIIBTestcases.TC01_InwardLodgeBill" name="runTest" time="120.263"/>
  <system-out>
    <![CDATA[✅ Testcase VERIFIED: Delink action completed successfully or system did not return E3494 in this run.
✅ Logout performed successfully at end.
✅ Testcase VERIFIED: Protest action checked. System did not return E4221 in this run. Protest is either allowed or already handled.
✅ Logout performed successfully at end.]]>
  </system-out>
</testsuite> <!-- MIIBTestcases.TC01_InwardLodgeBill -->
