<?xml version="1.0" encoding="UTF-8"?>
<!-- Generated by org.testng.reporters.JUnitReportReporter -->
<testsuite hostname="christina" failures="0" tests="1" name="InwardGuarenteeTestCases.TC08_IWG_ClosetheGuaranteeOfCorporateCifIDBeforeInvocationOrReversal" time="20.652" errors="0" timestamp="2026-01-17T16:25:06 IST" skipped="0">
  <testcase classname="InwardGuarenteeTestCases.TC08_IWG_ClosetheGuaranteeOfCorporateCifIDBeforeInvocationOrReversal" name="runTest" time="20.652"/>
</testsuite> <!-- InwardGuarenteeTestCases.TC08_IWG_ClosetheGuaranteeOfCorporateCifIDBeforeInvocationOrReversal -->
