<?xml version="1.0" encoding="UTF-8"?>
<!-- Generated by org.testng.reporters.JUnitReportReporter -->
<testsuite hostname="ChristinaJenifer-personal-80499" failures="0" tests="1" name="TestCases.TC07_ProtestTheInwardBillWhichIsDishonoured" time="118.532" errors="0" timestamp="2026-01-31T15:31:14 IST" skipped="0">
  <testcase classname="TestCases.TC07_ProtestTheInwardBillWhichIsDishonoured" name="runTest" time="118.532"/>
</testsuite> <!-- TestCases.TC07_ProtestTheInwardBillWhichIsDishonoured -->
