<?xml version="1.0" encoding="UTF-8"?>
<!-- Generated by org.testng.reporters.JUnitXMLReporter -->
<testsuite ignored="0" hostname="ChristinaJenifer-personal-80499" failures="5" tests="23" name="FuntionalityTest" time="3286.152" errors="0" timestamp="2026-03-13T17:17:20 IST">
  <testcase classname="TestCases.TC25_DeletetheAddedTransactionAsCashNormalPayment" name="@BeforeClass setup" time="0.029">
    <failure type="java.io.FileNotFoundException" message="C:\Finacle_1\CASA\Resource\HTM.xlsx (The system cannot find the file specified)">
      <![CDATA[java.io.FileNotFoundException: C:\Finacle_1\CASA\Resource\HTM.xlsx (The system cannot find the file specified)
at java.base/java.io.FileInputStream.open0(Native Method)
at java.base/java.io.FileInputStream.open(FileInputStream.java:216)
at java.base/java.io.FileInputStream.<init>(FileInputStream.java:157)
at java.base/java.io.FileInputStream.<init>(FileInputStream.java:111)
at Utilities.ExcelUtils.loadExcel(ExcelUtils.java:404)
at TestCases.TC25_DeletetheAddedTransactionAsCashNormalPayment.setup(TC25_DeletetheAddedTransactionAsCashNormalPayment.java:31)
at java.base/java.util.ArrayList.forEach(ArrayList.java:1511)
... Removed 29 stack frames]]>
    </failure>
  </testcase> <!-- @BeforeClass setup -->
  <testcase classname="TestCases.TC40_DoCashDepositForCreatedOverdraftAccount" name="@BeforeClass setup" time="0.005">
    <failure type="java.io.FileNotFoundException" message="C:\Finacle_1\CASA\Resource\HCASHDEP.xlsx (The system cannot find the file specified)">
      <![CDATA[java.io.FileNotFoundException: C:\Finacle_1\CASA\Resource\HCASHDEP.xlsx (The system cannot find the file specified)
at java.base/java.io.FileInputStream.open0(Native Method)
at java.base/java.io.FileInputStream.open(FileInputStream.java:216)
at java.base/java.io.FileInputStream.<init>(FileInputStream.java:157)
at java.base/java.io.FileInputStream.<init>(FileInputStream.java:111)
at Utilities.ExcelUtils.loadExcel(ExcelUtils.java:404)
at TestCases.TC40_DoCashDepositForCreatedOverdraftAccount.setup(TC40_DoCashDepositForCreatedOverdraftAccount.java:31)
at java.base/java.util.ArrayList.forEach(ArrayList.java:1511)
... Removed 29 stack frames]]>
    </failure>
  </testcase> <!-- @BeforeClass setup -->
  <testcase classname="TestCases.TC01_CreateSavingsAccountWith5000AmtVerify" name="runTest" time="318.354"/>
  <testcase classname="TestCases.TC07_IssuingCheckbookFortheCreatedSavingsAccountAndVerifying" name="runTest" time="200.978"/>
  <testcase classname="TestCases.TC08_IssusingCheckbookForCreatedSavingsAccountAndCancelling" name="runTest" time="202.832"/>
  <testcase classname="TestCases.TC09_AddingInventoryMomentBetweenLocations" name="runTest" time="204.342"/>
  <testcase classname="TestCases.TC10_AddingTheInventoryMomentAndModifying" name="runTest" time="215.196"/>
  <testcase classname="TestCases.TC11_InquireTheModifiedInventoryMoment" name="runTest" time="96.213"/>
  <testcase classname="TestCases.TC12_CancelTheInventoryWhichIsAdded" name="runTest" time="202.089"/>
  <testcase classname="TestCases.TC13_CancelTheInventoryWhichIsVerified" name="runTest" time="102.053"/>
  <testcase classname="TestCases.TC14_AddingTotalFreezefortheCreatedSavingsAccount" name="runTest" time="148.94"/>
  <testcase classname="TestCases.TC15_UnfreezeTheAccountWhichIsTotalFreezed" name="runTest" time="145.221"/>
  <testcase classname="TestCases.TC16_AddCreditFreezeToTheCreatedSavingsAccount" name="runTest" time="146.357"/>
  <testcase classname="TestCases.TC17_UnfreezeTheAccountWhichIsCreditFreezed" name="runTest" time="146.079"/>
  <testcase classname="TestCases.TC25_DeletetheAddedTransactionAsCashNormalPayment" name="runTest" time="0.0">
    <skipped/>
  </testcase> <!-- runTest -->
  <testcase classname="TestCases.TC39_DoCashDepositForCreatedCashCreditAccount" name="runTest" time="109.051">
    <failure type="java.lang.AssertionError" message="❌ Exception Occurred: Expected condition failed: waiting for visibility of element located by By.id: OK (tried for 10 second(s) with 500 milliseconds interval)
Build info: version: &amp;apos;4.38.0&amp;apos;, revision: &amp;apos;6b412e825c*&amp;apos;
System info: os.name: &amp;apos;Windows 11&amp;apos;, os.arch: &amp;apos;amd64&amp;apos;, os.version: &amp;apos;10.0&amp;apos;, java.version: &amp;apos;17.0.12&amp;apos;
Driver info: org.openqa.selenium.edge.EdgeDriver
Capabilities {acceptInsecureCerts: false, browserName: MicrosoftEdge, browserVersion: 145.0.3800.97, fedcm:accounts: true, goog:processID: 3912, ms:edgeOptions: {debuggerAddress: localhost:49182}, msedge: {msedgedriverVersion: 145.0.3800.97 (f4c49d5241f1..., userDataDir: C:\Users\chris\AppData\Loca...}, networkConnectionEnabled: false, pageLoadStrategy: normal, platformName: windows, proxy: Proxy(), se:cdp: ws://localhost:49182/devtoo..., se:cdpVersion: 145.0.3800.97, setWindowRect: true, strictFileInteractability: false, timeouts: {implicit: 0, pageLoad: 300000, script: 30000}, unhandledPromptBehavior: dismiss and notify, webauthn:extension:credBlob: true, webauthn:extension:largeBlob: true, webauthn:extension:minPinLength: true, webauthn:extension:prf: true, webauthn:virtualAuthenticators: true}
Session ID: 7e21c3fd3ead8509a11f849bcbc887ee">
      <![CDATA[java.lang.AssertionError: ❌ Exception Occurred: Expected condition failed: waiting for visibility of element located by By.id: OK (tried for 10 second(s) with 500 milliseconds interval)
Build info: version: '4.38.0', revision: '6b412e825c*'
System info: os.name: 'Windows 11', os.arch: 'amd64', os.version: '10.0', java.version: '17.0.12'
Driver info: org.openqa.selenium.edge.EdgeDriver
Capabilities {acceptInsecureCerts: false, browserName: MicrosoftEdge, browserVersion: 145.0.3800.97, fedcm:accounts: true, goog:processID: 3912, ms:edgeOptions: {debuggerAddress: localhost:49182}, msedge: {msedgedriverVersion: 145.0.3800.97 (f4c49d5241f1..., userDataDir: C:\Users\chris\AppData\Loca...}, networkConnectionEnabled: false, pageLoadStrategy: normal, platformName: windows, proxy: Proxy(), se:cdp: ws://localhost:49182/devtoo..., se:cdpVersion: 145.0.3800.97, setWindowRect: true, strictFileInteractability: false, timeouts: {implicit: 0, pageLoad: 300000, script: 30000}, unhandledPromptBehavior: dismiss and notify, webauthn:extension:credBlob: true, webauthn:extension:largeBlob: true, webauthn:extension:minPinLength: true, webauthn:extension:prf: true, webauthn:virtualAuthenticators: true}
Session ID: 7e21c3fd3ead8509a11f849bcbc887ee
at TestCases.TC39_DoCashDepositForCreatedCashCreditAccount.runTest(TC39_DoCashDepositForCreatedCashCreditAccount.java:76)
at java.base/java.util.ArrayList.forEach(ArrayList.java:1511)
... Removed 32 stack frames]]>
    </failure>
  </testcase> <!-- runTest -->
  <testcase classname="TestCases.TC40_DoCashDepositForCreatedOverdraftAccount" name="runTest" time="0.0">
    <skipped/>
  </testcase> <!-- runTest -->
  <testcase classname="TestCases.TC43_DoCashWithdrawalFromCreatedSavingsAccount" name="runTest" time="150.772">
    <failure type="java.lang.AssertionError" message="❌ Assertion Failure: Test failed: Transaction ID capture failed: Expected condition failed: waiting for visibility of element located by By.id: tranId (tried for 20 second(s) with 500 milliseconds interval)
Build info: version: &amp;apos;4.38.0&amp;apos;, revision: &amp;apos;6b412e825c*&amp;apos;
System info: os.name: &amp;apos;Windows 11&amp;apos;, os.arch: &amp;apos;amd64&amp;apos;, os.version: &amp;apos;10.0&amp;apos;, java.version: &amp;apos;17.0.12&amp;apos;
Driver info: org.openqa.selenium.edge.EdgeDriver
Capabilities {acceptInsecureCerts: false, browserName: MicrosoftEdge, browserVersion: 145.0.3800.97, fedcm:accounts: true, goog:processID: 3912, ms:edgeOptions: {debuggerAddress: localhost:49182}, msedge: {msedgedriverVersion: 145.0.3800.97 (f4c49d5241f1..., userDataDir: C:\Users\chris\AppData\Loca...}, networkConnectionEnabled: false, pageLoadStrategy: normal, platformName: windows, proxy: Proxy(), se:cdp: ws://localhost:49182/devtoo..., se:cdpVersion: 145.0.3800.97, setWindowRect: true, strictFileInteractability: false, timeouts: {implicit: 0, pageLoad: 300000, script: 30000}, unhandledPromptBehavior: dismiss and notify, webauthn:extension:credBlob: true, webauthn:extension:largeBlob: true, webauthn:extension:minPinLength: true, webauthn:extension:prf: true, webauthn:virtualAuthenticators: true}
Session ID: 7e21c3fd3ead8509a11f849bcbc887ee">
      <![CDATA[java.lang.AssertionError: ❌ Assertion Failure: Test failed: Transaction ID capture failed: Expected condition failed: waiting for visibility of element located by By.id: tranId (tried for 20 second(s) with 500 milliseconds interval)
Build info: version: '4.38.0', revision: '6b412e825c*'
System info: os.name: 'Windows 11', os.arch: 'amd64', os.version: '10.0', java.version: '17.0.12'
Driver info: org.openqa.selenium.edge.EdgeDriver
Capabilities {acceptInsecureCerts: false, browserName: MicrosoftEdge, browserVersion: 145.0.3800.97, fedcm:accounts: true, goog:processID: 3912, ms:edgeOptions: {debuggerAddress: localhost:49182}, msedge: {msedgedriverVersion: 145.0.3800.97 (f4c49d5241f1..., userDataDir: C:\Users\chris\AppData\Loca...}, networkConnectionEnabled: false, pageLoadStrategy: normal, platformName: windows, proxy: Proxy(), se:cdp: ws://localhost:49182/devtoo..., se:cdpVersion: 145.0.3800.97, setWindowRect: true, strictFileInteractability: false, timeouts: {implicit: 0, pageLoad: 300000, script: 30000}, unhandledPromptBehavior: dismiss and notify, webauthn:extension:credBlob: true, webauthn:extension:largeBlob: true, webauthn:extension:minPinLength: true, webauthn:extension:prf: true, webauthn:virtualAuthenticators: true}
Session ID: 7e21c3fd3ead8509a11f849bcbc887ee
at TestCases.TC43_DoCashWithdrawalFromCreatedSavingsAccount.runTest(TC43_DoCashWithdrawalFromCreatedSavingsAccount.java:70)
at java.base/java.util.ArrayList.forEach(ArrayList.java:1511)
... Removed 32 stack frames]]>
    </failure>
  </testcase> <!-- runTest -->
  <testcase classname="TestCases.TC44_DoCashWithdrawalForOverdraftAccount" name="runTest" time="115.439"/>
  <testcase classname="TestCases.TC45_DoCashWithdrawalForCreatedCashCreditAccount" name="runTest" time="107.692">
    <failure type="java.lang.AssertionError" message="❌ Exception Occurred: Expected condition failed: waiting for visibility of element located by By.id: OK (tried for 10 second(s) with 500 milliseconds interval)
Build info: version: &amp;apos;4.38.0&amp;apos;, revision: &amp;apos;6b412e825c*&amp;apos;
System info: os.name: &amp;apos;Windows 11&amp;apos;, os.arch: &amp;apos;amd64&amp;apos;, os.version: &amp;apos;10.0&amp;apos;, java.version: &amp;apos;17.0.12&amp;apos;
Driver info: org.openqa.selenium.edge.EdgeDriver
Capabilities {acceptInsecureCerts: false, browserName: MicrosoftEdge, browserVersion: 145.0.3800.97, fedcm:accounts: true, goog:processID: 3912, ms:edgeOptions: {debuggerAddress: localhost:49182}, msedge: {msedgedriverVersion: 145.0.3800.97 (f4c49d5241f1..., userDataDir: C:\Users\chris\AppData\Loca...}, networkConnectionEnabled: false, pageLoadStrategy: normal, platformName: windows, proxy: Proxy(), se:cdp: ws://localhost:49182/devtoo..., se:cdpVersion: 145.0.3800.97, setWindowRect: true, strictFileInteractability: false, timeouts: {implicit: 0, pageLoad: 300000, script: 30000}, unhandledPromptBehavior: dismiss and notify, webauthn:extension:credBlob: true, webauthn:extension:largeBlob: true, webauthn:extension:minPinLength: true, webauthn:extension:prf: true, webauthn:virtualAuthenticators: true}
Session ID: 7e21c3fd3ead8509a11f849bcbc887ee">
      <![CDATA[java.lang.AssertionError: ❌ Exception Occurred: Expected condition failed: waiting for visibility of element located by By.id: OK (tried for 10 second(s) with 500 milliseconds interval)
Build info: version: '4.38.0', revision: '6b412e825c*'
System info: os.name: 'Windows 11', os.arch: 'amd64', os.version: '10.0', java.version: '17.0.12'
Driver info: org.openqa.selenium.edge.EdgeDriver
Capabilities {acceptInsecureCerts: false, browserName: MicrosoftEdge, browserVersion: 145.0.3800.97, fedcm:accounts: true, goog:processID: 3912, ms:edgeOptions: {debuggerAddress: localhost:49182}, msedge: {msedgedriverVersion: 145.0.3800.97 (f4c49d5241f1..., userDataDir: C:\Users\chris\AppData\Loca...}, networkConnectionEnabled: false, pageLoadStrategy: normal, platformName: windows, proxy: Proxy(), se:cdp: ws://localhost:49182/devtoo..., se:cdpVersion: 145.0.3800.97, setWindowRect: true, strictFileInteractability: false, timeouts: {implicit: 0, pageLoad: 300000, script: 30000}, unhandledPromptBehavior: dismiss and notify, webauthn:extension:credBlob: true, webauthn:extension:largeBlob: true, webauthn:extension:minPinLength: true, webauthn:extension:prf: true, webauthn:virtualAuthenticators: true}
Session ID: 7e21c3fd3ead8509a11f849bcbc887ee
at TestCases.TC45_DoCashWithdrawalForCreatedCashCreditAccount.runTest(TC45_DoCashWithdrawalForCreatedCashCreditAccount.java:76)
at java.base/java.util.ArrayList.forEach(ArrayList.java:1511)
... Removed 32 stack frames]]>
    </failure>
  </testcase> <!-- runTest -->
  <testcase classname="TestCases.TC48_DoCashWithdrawalfromExistedSavingsAccount" name="runTest" time="116.417"/>
  <testcase classname="TestCases.TC49_MarkLienToTheCreatedSavingsAccount" name="runTest" time="160.403"/>
  <testcase classname="TestCases.TC50_ModifytheLienWhichIsAdded" name="runTest" time="166.335"/>
  <testcase classname="TestCases.TC56_CreatingCurrentAccountAndVerificationOfCurrent" name="runTest" time="178.543">
    <failure type="java.lang.AssertionError" message="❌ Assertion Failure: Test failed: 752 - The account creation is already authorized.">
      <![CDATA[java.lang.AssertionError: ❌ Assertion Failure: Test failed: 752 - The account creation is already authorized.
at TestCases.TC56_CreatingCurrentAccountAndVerificationOfCurrent.runTest(TC56_CreatingCurrentAccountAndVerificationOfCurrent.java:90)
at java.base/java.util.ArrayList.forEach(ArrayList.java:1511)
... Removed 32 stack frames]]>
    </failure>
  </testcase> <!-- runTest -->
  <testcase classname="TestCases.TC57_ModifyingTheCreatedCurrentAccountAndVerifying" name="runTest" time="31.884">
    <failure type="java.lang.AssertionError" message="❌ Assertion Failure: Test failed: E4927 - Cannot perform the requested operation. Account Maintenance Modification Pending verification">
      <![CDATA[java.lang.AssertionError: ❌ Assertion Failure: Test failed: E4927 - Cannot perform the requested operation. Account Maintenance Modification Pending verification
at TestCases.TC57_ModifyingTheCreatedCurrentAccountAndVerifying.runTest(TC57_ModifyingTheCreatedCurrentAccountAndVerifying.java:90)
at java.base/java.util.ArrayList.forEach(ArrayList.java:1511)
... Removed 32 stack frames]]>
    </failure>
  </testcase> <!-- runTest -->
</testsuite> <!-- FuntionalityTest -->
